{"D:\\Electionn\\src\\App.tsx": {"path":"D:\\Electionn\\src\\App.tsx","statementMap":{"0":{"start":{"line":8,"column":6},"end":{"line":8,"column":null}},"1":{"start":{"line":8,"column":41},"end":{"line":8,"column":null}},"2":{"start":{"line":8,"column":86},"end":{"line":8,"column":null}},"3":{"start":{"line":9,"column":6},"end":{"line":9,"column":null}},"4":{"start":{"line":9,"column":41},"end":{"line":9,"column":null}},"5":{"start":{"line":9,"column":89},"end":{"line":9,"column":null}},"6":{"start":{"line":10,"column":6},"end":{"line":10,"column":null}},"7":{"start":{"line":10,"column":41},"end":{"line":10,"column":null}},"8":{"start":{"line":10,"column":88},"end":{"line":10,"column":null}},"9":{"start":{"line":11,"column":6},"end":{"line":11,"column":null}},"10":{"start":{"line":11,"column":41},"end":{"line":11,"column":null}},"11":{"start":{"line":11,"column":83},"end":{"line":11,"column":null}},"12":{"start":{"line":12,"column":6},"end":{"line":12,"column":null}},"13":{"start":{"line":12,"column":41},"end":{"line":12,"column":null}},"14":{"start":{"line":12,"column":85},"end":{"line":12,"column":null}},"15":{"start":{"line":13,"column":6},"end":{"line":13,"column":null}},"16":{"start":{"line":13,"column":41},"end":{"line":13,"column":null}},"17":{"start":{"line":13,"column":88},"end":{"line":13,"column":null}},"18":{"start":{"line":14,"column":6},"end":{"line":14,"column":null}},"19":{"start":{"line":14,"column":41},"end":{"line":14,"column":null}},"20":{"start":{"line":14,"column":87},"end":{"line":14,"column":null}},"21":{"start":{"line":15,"column":6},"end":{"line":15,"column":null}},"22":{"start":{"line":15,"column":41},"end":{"line":15,"column":null}},"23":{"start":{"line":15,"column":87},"end":{"line":15,"column":null}},"24":{"start":{"line":16,"column":6},"end":{"line":16,"column":null}},"25":{"start":{"line":16,"column":41},"end":{"line":16,"column":null}},"26":{"start":{"line":16,"column":91},"end":{"line":16,"column":null}},"27":{"start":{"line":17,"column":6},"end":{"line":17,"column":null}},"28":{"start":{"line":17,"column":41},"end":{"line":17,"column":null}},"29":{"start":{"line":17,"column":89},"end":{"line":17,"column":null}},"30":{"start":{"line":18,"column":6},"end":{"line":18,"column":null}},"31":{"start":{"line":18,"column":41},"end":{"line":18,"column":null}},"32":{"start":{"line":18,"column":94},"end":{"line":18,"column":null}},"33":{"start":{"line":19,"column":6},"end":{"line":19,"column":null}},"34":{"start":{"line":19,"column":41},"end":{"line":19,"column":null}},"35":{"start":{"line":19,"column":94},"end":{"line":19,"column":null}},"36":{"start":{"line":20,"column":6},"end":{"line":20,"column":null}},"37":{"start":{"line":20,"column":41},"end":{"line":20,"column":null}},"38":{"start":{"line":20,"column":85},"end":{"line":20,"column":null}},"39":{"start":{"line":21,"column":6},"end":{"line":21,"column":null}},"40":{"start":{"line":21,"column":41},"end":{"line":21,"column":null}},"41":{"start":{"line":21,"column":88},"end":{"line":21,"column":null}},"42":{"start":{"line":22,"column":6},"end":{"line":22,"column":null}},"43":{"start":{"line":22,"column":41},"end":{"line":22,"column":null}},"44":{"start":{"line":22,"column":87},"end":{"line":22,"column":null}},"45":{"start":{"line":23,"column":6},"end":{"line":23,"column":null}},"46":{"start":{"line":23,"column":41},"end":{"line":23,"column":null}},"47":{"start":{"line":23,"column":86},"end":{"line":23,"column":null}},"48":{"start":{"line":24,"column":6},"end":{"line":24,"column":null}},"49":{"start":{"line":24,"column":41},"end":{"line":24,"column":null}},"50":{"start":{"line":24,"column":83},"end":{"line":24,"column":null}},"51":{"start":{"line":25,"column":6},"end":{"line":25,"column":null}},"52":{"start":{"line":25,"column":41},"end":{"line":25,"column":null}},"53":{"start":{"line":25,"column":94},"end":{"line":25,"column":null}},"54":{"start":{"line":26,"column":6},"end":{"line":26,"column":null}},"55":{"start":{"line":26,"column":41},"end":{"line":26,"column":null}},"56":{"start":{"line":26,"column":89},"end":{"line":26,"column":null}},"57":{"start":{"line":27,"column":6},"end":{"line":27,"column":null}},"58":{"start":{"line":27,"column":41},"end":{"line":27,"column":null}},"59":{"start":{"line":27,"column":92},"end":{"line":27,"column":null}},"60":{"start":{"line":35,"column":2},"end":{"line":61,"column":null}},"61":{"start":{"line":52,"column":12},"end":{"line":56,"column":null}},"62":{"start":{"line":67,"column":2},"end":{"line":79,"column":null}},"63":{"start":{"line":84,"column":25},"end":{"line":84,"column":50}},"64":{"start":{"line":85,"column":10},"end":{"line":85,"column":40}},"65":{"start":{"line":86,"column":8},"end":{"line":86,"column":43}},"66":{"start":{"line":89,"column":2},"end":{"line":91,"column":null}},"67":{"start":{"line":90,"column":4},"end":{"line":90,"column":null}},"68":{"start":{"line":94,"column":2},"end":{"line":98,"column":null}},"69":{"start":{"line":95,"column":4},"end":{"line":96,"column":null}},"70":{"start":{"line":96,"column":6},"end":{"line":96,"column":null}},"71":{"start":{"line":101,"column":2},"end":{"line":106,"column":null}},"72":{"start":{"line":102,"column":24},"end":{"line":102,"column":null}},"73":{"start":{"line":103,"column":4},"end":{"line":104,"column":null}},"74":{"start":{"line":104,"column":6},"end":{"line":104,"column":null}},"75":{"start":{"line":108,"column":2},"end":{"line":127,"column":null}},"76":{"start":{"line":109,"column":10},"end":{"line":116,"column":null}},"77":{"start":{"line":110,"column":25},"end":{"line":110,"column":62}},"78":{"start":{"line":111,"column":6},"end":{"line":116,"column":null}},"79":{"start":{"line":112,"column":8},"end":{"line":116,"column":null}},"80":{"start":{"line":113,"column":29},"end":{"line":113,"column":49}},"81":{"start":{"line":114,"column":10},"end":{"line":114,"column":null}},"82":{"start":{"line":115,"column":10},"end":{"line":115,"column":null}},"83":{"start":{"line":120,"column":4},"end":{"line":121,"column":null}},"84":{"start":{"line":121,"column":7},"end":{"line":121,"column":null}},"85":{"start":{"line":124,"column":4},"end":{"line":124,"column":null}},"86":{"start":{"line":125,"column":4},"end":{"line":125,"column":null}},"87":{"start":{"line":125,"column":17},"end":{"line":125,"column":71}},"88":{"start":{"line":130,"column":2},"end":{"line":140,"column":null}},"89":{"start":{"line":131,"column":10},"end":{"line":131,"column":48}},"90":{"start":{"line":131,"column":31},"end":{"line":131,"column":48}},"91":{"start":{"line":132,"column":10},"end":{"line":132,"column":48}},"92":{"start":{"line":132,"column":32},"end":{"line":132,"column":48}},"93":{"start":{"line":133,"column":4},"end":{"line":133,"column":null}},"94":{"start":{"line":134,"column":4},"end":{"line":134,"column":null}},"95":{"start":{"line":135,"column":4},"end":{"line":135,"column":null}},"96":{"start":{"line":136,"column":4},"end":{"line":138,"column":null}},"97":{"start":{"line":137,"column":6},"end":{"line":137,"column":null}},"98":{"start":{"line":138,"column":6},"end":{"line":138,"column":null}},"99":{"start":{"line":143,"column":16},"end":{"line":143,"column":39}},"100":{"start":{"line":144,"column":2},"end":{"line":149,"column":null}},"101":{"start":{"line":145,"column":26},"end":{"line":145,"column":45}},"102":{"start":{"line":146,"column":4},"end":{"line":147,"column":null}},"103":{"start":{"line":147,"column":6},"end":{"line":147,"column":null}},"104":{"start":{"line":152,"column":8},"end":{"line":195,"column":null}},"105":{"start":{"line":153,"column":4},"end":{"line":195,"column":null}},"106":{"start":{"line":155,"column":8},"end":{"line":155,"column":null}},"107":{"start":{"line":157,"column":8},"end":{"line":157,"column":null}},"108":{"start":{"line":159,"column":8},"end":{"line":159,"column":null}},"109":{"start":{"line":161,"column":8},"end":{"line":161,"column":null}},"110":{"start":{"line":163,"column":8},"end":{"line":163,"column":null}},"111":{"start":{"line":165,"column":8},"end":{"line":165,"column":null}},"112":{"start":{"line":167,"column":8},"end":{"line":167,"column":null}},"113":{"start":{"line":169,"column":8},"end":{"line":169,"column":null}},"114":{"start":{"line":171,"column":8},"end":{"line":171,"column":null}},"115":{"start":{"line":173,"column":8},"end":{"line":173,"column":null}},"116":{"start":{"line":175,"column":8},"end":{"line":175,"column":null}},"117":{"start":{"line":177,"column":8},"end":{"line":177,"column":null}},"118":{"start":{"line":179,"column":8},"end":{"line":179,"column":null}},"119":{"start":{"line":181,"column":8},"end":{"line":181,"column":null}},"120":{"start":{"line":183,"column":8},"end":{"line":183,"column":null}},"121":{"start":{"line":185,"column":8},"end":{"line":185,"column":null}},"122":{"start":{"line":187,"column":8},"end":{"line":187,"column":null}},"123":{"start":{"line":189,"column":8},"end":{"line":189,"column":null}},"124":{"start":{"line":191,"column":8},"end":{"line":191,"column":null}},"125":{"start":{"line":193,"column":8},"end":{"line":193,"column":null}},"126":{"start":{"line":195,"column":8},"end":{"line":195,"column":null}},"127":{"start":{"line":199,"column":2},"end":{"line":221,"column":null}},"128":{"start":{"line":228,"column":8},"end":{"line":228,"column":48}},"129":{"start":{"line":228,"column":36},"end":{"line":228,"column":48}},"130":{"start":{"line":229,"column":20},"end":{"line":229,"column":51}},"131":{"start":{"line":232,"column":2},"end":{"line":235,"column":null}},"132":{"start":{"line":234,"column":4},"end":{"line":234,"column":null}},"133":{"start":{"line":234,"column":20},"end":{"line":234,"column":null}},"134":{"start":{"line":237,"column":2},"end":{"line":237,"column":null}},"135":{"start":{"line":237,"column":31},"end":{"line":237,"column":null}},"136":{"start":{"line":239,"column":2},"end":{"line":271,"column":null}},"137":{"start":{"line":258,"column":27},"end":{"line":258,"column":51}},"138":{"start":{"line":264,"column":27},"end":{"line":264,"column":45}}},"fnMap":{"0":{"name":"(anonymous_0)","decl":{"start":{"line":8,"column":30},"end":{"line":8,"column":41}},"loc":{"start":{"line":8,"column":41},"end":{"line":8,"column":null}},"line":8},"1":{"name":"(anonymous_1)","decl":{"start":{"line":8,"column":78},"end":{"line":8,"column":84}},"loc":{"start":{"line":8,"column":86},"end":{"line":8,"column":null}},"line":8},"2":{"name":"(anonymous_2)","decl":{"start":{"line":9,"column":30},"end":{"line":9,"column":41}},"loc":{"start":{"line":9,"column":41},"end":{"line":9,"column":null}},"line":9},"3":{"name":"(anonymous_3)","decl":{"start":{"line":9,"column":81},"end":{"line":9,"column":87}},"loc":{"start":{"line":9,"column":89},"end":{"line":9,"column":null}},"line":9},"4":{"name":"(anonymous_4)","decl":{"start":{"line":10,"column":30},"end":{"line":10,"column":41}},"loc":{"start":{"line":10,"column":41},"end":{"line":10,"column":null}},"line":10},"5":{"name":"(anonymous_5)","decl":{"start":{"line":10,"column":80},"end":{"line":10,"column":86}},"loc":{"start":{"line":10,"column":88},"end":{"line":10,"column":null}},"line":10},"6":{"name":"(anonymous_6)","decl":{"start":{"line":11,"column":30},"end":{"line":11,"column":41}},"loc":{"start":{"line":11,"column":41},"end":{"line":11,"column":null}},"line":11},"7":{"name":"(anonymous_7)","decl":{"start":{"line":11,"column":75},"end":{"line":11,"column":81}},"loc":{"start":{"line":11,"column":83},"end":{"line":11,"column":null}},"line":11},"8":{"name":"(anonymous_8)","decl":{"start":{"line":12,"column":30},"end":{"line":12,"column":41}},"loc":{"start":{"line":12,"column":41},"end":{"line":12,"column":null}},"line":12},"9":{"name":"(anonymous_9)","decl":{"start":{"line":12,"column":77},"end":{"line":12,"column":83}},"loc":{"start":{"line":12,"column":85},"end":{"line":12,"column":null}},"line":12},"10":{"name":"(anonymous_10)","decl":{"start":{"line":13,"column":30},"end":{"line":13,"column":41}},"loc":{"start":{"line":13,"column":41},"end":{"line":13,"column":null}},"line":13},"11":{"name":"(anonymous_11)","decl":{"start":{"line":13,"column":80},"end":{"line":13,"column":86}},"loc":{"start":{"line":13,"column":88},"end":{"line":13,"column":null}},"line":13},"12":{"name":"(anonymous_12)","decl":{"start":{"line":14,"column":30},"end":{"line":14,"column":41}},"loc":{"start":{"line":14,"column":41},"end":{"line":14,"column":null}},"line":14},"13":{"name":"(anonymous_13)","decl":{"start":{"line":14,"column":79},"end":{"line":14,"column":85}},"loc":{"start":{"line":14,"column":87},"end":{"line":14,"column":null}},"line":14},"14":{"name":"(anonymous_14)","decl":{"start":{"line":15,"column":30},"end":{"line":15,"column":41}},"loc":{"start":{"line":15,"column":41},"end":{"line":15,"column":null}},"line":15},"15":{"name":"(anonymous_15)","decl":{"start":{"line":15,"column":79},"end":{"line":15,"column":85}},"loc":{"start":{"line":15,"column":87},"end":{"line":15,"column":null}},"line":15},"16":{"name":"(anonymous_16)","decl":{"start":{"line":16,"column":30},"end":{"line":16,"column":41}},"loc":{"start":{"line":16,"column":41},"end":{"line":16,"column":null}},"line":16},"17":{"name":"(anonymous_17)","decl":{"start":{"line":16,"column":83},"end":{"line":16,"column":89}},"loc":{"start":{"line":16,"column":91},"end":{"line":16,"column":null}},"line":16},"18":{"name":"(anonymous_18)","decl":{"start":{"line":17,"column":30},"end":{"line":17,"column":41}},"loc":{"start":{"line":17,"column":41},"end":{"line":17,"column":null}},"line":17},"19":{"name":"(anonymous_19)","decl":{"start":{"line":17,"column":81},"end":{"line":17,"column":87}},"loc":{"start":{"line":17,"column":89},"end":{"line":17,"column":null}},"line":17},"20":{"name":"(anonymous_20)","decl":{"start":{"line":18,"column":30},"end":{"line":18,"column":41}},"loc":{"start":{"line":18,"column":41},"end":{"line":18,"column":null}},"line":18},"21":{"name":"(anonymous_21)","decl":{"start":{"line":18,"column":86},"end":{"line":18,"column":92}},"loc":{"start":{"line":18,"column":94},"end":{"line":18,"column":null}},"line":18},"22":{"name":"(anonymous_22)","decl":{"start":{"line":19,"column":30},"end":{"line":19,"column":41}},"loc":{"start":{"line":19,"column":41},"end":{"line":19,"column":null}},"line":19},"23":{"name":"(anonymous_23)","decl":{"start":{"line":19,"column":86},"end":{"line":19,"column":92}},"loc":{"start":{"line":19,"column":94},"end":{"line":19,"column":null}},"line":19},"24":{"name":"(anonymous_24)","decl":{"start":{"line":20,"column":30},"end":{"line":20,"column":41}},"loc":{"start":{"line":20,"column":41},"end":{"line":20,"column":null}},"line":20},"25":{"name":"(anonymous_25)","decl":{"start":{"line":20,"column":77},"end":{"line":20,"column":83}},"loc":{"start":{"line":20,"column":85},"end":{"line":20,"column":null}},"line":20},"26":{"name":"(anonymous_26)","decl":{"start":{"line":21,"column":30},"end":{"line":21,"column":41}},"loc":{"start":{"line":21,"column":41},"end":{"line":21,"column":null}},"line":21},"27":{"name":"(anonymous_27)","decl":{"start":{"line":21,"column":80},"end":{"line":21,"column":86}},"loc":{"start":{"line":21,"column":88},"end":{"line":21,"column":null}},"line":21},"28":{"name":"(anonymous_28)","decl":{"start":{"line":22,"column":30},"end":{"line":22,"column":41}},"loc":{"start":{"line":22,"column":41},"end":{"line":22,"column":null}},"line":22},"29":{"name":"(anonymous_29)","decl":{"start":{"line":22,"column":79},"end":{"line":22,"column":85}},"loc":{"start":{"line":22,"column":87},"end":{"line":22,"column":null}},"line":22},"30":{"name":"(anonymous_30)","decl":{"start":{"line":23,"column":30},"end":{"line":23,"column":41}},"loc":{"start":{"line":23,"column":41},"end":{"line":23,"column":null}},"line":23},"31":{"name":"(anonymous_31)","decl":{"start":{"line":23,"column":78},"end":{"line":23,"column":84}},"loc":{"start":{"line":23,"column":86},"end":{"line":23,"column":null}},"line":23},"32":{"name":"(anonymous_32)","decl":{"start":{"line":24,"column":30},"end":{"line":24,"column":41}},"loc":{"start":{"line":24,"column":41},"end":{"line":24,"column":null}},"line":24},"33":{"name":"(anonymous_33)","decl":{"start":{"line":24,"column":75},"end":{"line":24,"column":81}},"loc":{"start":{"line":24,"column":83},"end":{"line":24,"column":null}},"line":24},"34":{"name":"(anonymous_34)","decl":{"start":{"line":25,"column":30},"end":{"line":25,"column":41}},"loc":{"start":{"line":25,"column":41},"end":{"line":25,"column":null}},"line":25},"35":{"name":"(anonymous_35)","decl":{"start":{"line":25,"column":86},"end":{"line":25,"column":92}},"loc":{"start":{"line":25,"column":94},"end":{"line":25,"column":null}},"line":25},"36":{"name":"(anonymous_36)","decl":{"start":{"line":26,"column":30},"end":{"line":26,"column":41}},"loc":{"start":{"line":26,"column":41},"end":{"line":26,"column":null}},"line":26},"37":{"name":"(anonymous_37)","decl":{"start":{"line":26,"column":81},"end":{"line":26,"column":87}},"loc":{"start":{"line":26,"column":89},"end":{"line":26,"column":null}},"line":26},"38":{"name":"(anonymous_38)","decl":{"start":{"line":27,"column":30},"end":{"line":27,"column":41}},"loc":{"start":{"line":27,"column":41},"end":{"line":27,"column":null}},"line":27},"39":{"name":"(anonymous_39)","decl":{"start":{"line":27,"column":84},"end":{"line":27,"column":90}},"loc":{"start":{"line":27,"column":92},"end":{"line":27,"column":null}},"line":27},"40":{"name":"ScreenLoader","decl":{"start":{"line":34,"column":9},"end":{"line":34,"column":24}},"loc":{"start":{"line":34,"column":24},"end":{"line":61,"column":null}},"line":34},"41":{"name":"(anonymous_41)","decl":{"start":{"line":51,"column":19},"end":{"line":51,"column":23}},"loc":{"start":{"line":52,"column":12},"end":{"line":56,"column":null}},"line":52},"42":{"name":"PageTransition","decl":{"start":{"line":66,"column":9},"end":{"line":66,"column":24}},"loc":{"start":{"line":66,"column":99},"end":{"line":79,"column":null}},"line":66},"43":{"name":"App","decl":{"start":{"line":83,"column":9},"end":{"line":83,"column":15}},"loc":{"start":{"line":83,"column":15},"end":{"line":221,"column":null}},"line":83},"44":{"name":"(anonymous_44)","decl":{"start":{"line":89,"column":2},"end":{"line":89,"column":18}},"loc":{"start":{"line":89,"column":18},"end":{"line":91,"column":6}},"line":89},"45":{"name":"(anonymous_45)","decl":{"start":{"line":94,"column":2},"end":{"line":94,"column":18}},"loc":{"start":{"line":94,"column":18},"end":{"line":98,"column":6}},"line":94},"46":{"name":"(anonymous_46)","decl":{"start":{"line":101,"column":2},"end":{"line":101,"column":18}},"loc":{"start":{"line":101,"column":18},"end":{"line":106,"column":6}},"line":101},"47":{"name":"(anonymous_47)","decl":{"start":{"line":108,"column":2},"end":{"line":108,"column":18}},"loc":{"start":{"line":108,"column":18},"end":{"line":127,"column":7}},"line":108},"48":{"name":"(anonymous_48)","decl":{"start":{"line":109,"column":10},"end":{"line":109,"column":33}},"loc":{"start":{"line":109,"column":33},"end":{"line":116,"column":null}},"line":109},"49":{"name":"(anonymous_49)","decl":{"start":{"line":112,"column":17},"end":{"line":112,"column":27}},"loc":{"start":{"line":112,"column":33},"end":{"line":116,"column":null}},"line":112},"50":{"name":"(anonymous_50)","decl":{"start":{"line":125,"column":4},"end":{"line":125,"column":17}},"loc":{"start":{"line":125,"column":17},"end":{"line":125,"column":71}},"line":125},"51":{"name":"(anonymous_51)","decl":{"start":{"line":130,"column":2},"end":{"line":130,"column":18}},"loc":{"start":{"line":130,"column":18},"end":{"line":140,"column":6}},"line":130},"52":{"name":"(anonymous_52)","decl":{"start":{"line":131,"column":10},"end":{"line":131,"column":31}},"loc":{"start":{"line":131,"column":31},"end":{"line":131,"column":48}},"line":131},"53":{"name":"(anonymous_53)","decl":{"start":{"line":132,"column":10},"end":{"line":132,"column":32}},"loc":{"start":{"line":132,"column":32},"end":{"line":132,"column":48}},"line":132},"54":{"name":"(anonymous_54)","decl":{"start":{"line":136,"column":4},"end":{"line":136,"column":17}},"loc":{"start":{"line":136,"column":17},"end":{"line":138,"column":null}},"line":136},"55":{"name":"(anonymous_55)","decl":{"start":{"line":144,"column":2},"end":{"line":144,"column":18}},"loc":{"start":{"line":144,"column":18},"end":{"line":149,"column":6}},"line":144},"56":{"name":"(anonymous_56)","decl":{"start":{"line":152,"column":8},"end":{"line":152,"column":29}},"loc":{"start":{"line":152,"column":29},"end":{"line":195,"column":null}},"line":152},"57":{"name":"OfflineBanner","decl":{"start":{"line":227,"column":9},"end":{"line":227,"column":25}},"loc":{"start":{"line":227,"column":25},"end":{"line":271,"column":null}},"line":227},"58":{"name":"(anonymous_58)","decl":{"start":{"line":228,"column":20},"end":{"line":228,"column":30}},"loc":{"start":{"line":228,"column":36},"end":{"line":228,"column":48}},"line":228},"59":{"name":"(anonymous_59)","decl":{"start":{"line":232,"column":2},"end":{"line":232,"column":18}},"loc":{"start":{"line":232,"column":18},"end":{"line":235,"column":6}},"line":232},"60":{"name":"(anonymous_60)","decl":{"start":{"line":258,"column":12},"end":{"line":258,"column":27}},"loc":{"start":{"line":258,"column":27},"end":{"line":258,"column":51}},"line":258},"61":{"name":"(anonymous_61)","decl":{"start":{"line":264,"column":12},"end":{"line":264,"column":27}},"loc":{"start":{"line":264,"column":27},"end":{"line":264,"column":45}},"line":264}},"branchMap":{"0":{"loc":{"start":{"line":95,"column":4},"end":{"line":96,"column":null}},"type":"if","locations":[{"start":{"line":95,"column":4},"end":{"line":96,"column":null}},{"start":{},"end":{}}],"line":95},"1":{"loc":{"start":{"line":103,"column":4},"end":{"line":104,"column":null}},"type":"if","locations":[{"start":{"line":103,"column":4},"end":{"line":104,"column":null}},{"start":{},"end":{}}],"line":103},"2":{"loc":{"start":{"line":111,"column":6},"end":{"line":116,"column":null}},"type":"if","locations":[{"start":{"line":111,"column":6},"end":{"line":116,"column":null}},{"start":{},"end":{}}],"line":111},"3":{"loc":{"start":{"line":111,"column":10},"end":{"line":111,"column":74}},"type":"binary-expr","locations":[{"start":{"line":111,"column":10},"end":{"line":111,"column":24}},{"start":{"line":111,"column":24},"end":{"line":111,"column":74}}],"line":111},"4":{"loc":{"start":{"line":120,"column":4},"end":{"line":121,"column":null}},"type":"if","locations":[{"start":{"line":120,"column":4},"end":{"line":121,"column":null}},{"start":{},"end":{}}],"line":120},"5":{"loc":{"start":{"line":146,"column":4},"end":{"line":147,"column":null}},"type":"if","locations":[{"start":{"line":146,"column":4},"end":{"line":147,"column":null}},{"start":{},"end":{}}],"line":146},"6":{"loc":{"start":{"line":146,"column":8},"end":{"line":146,"column":71}},"type":"binary-expr","locations":[{"start":{"line":146,"column":8},"end":{"line":146,"column":33}},{"start":{"line":146,"column":33},"end":{"line":146,"column":71}}],"line":146},"7":{"loc":{"start":{"line":153,"column":4},"end":{"line":195,"column":null}},"type":"switch","locations":[{"start":{"line":154,"column":6},"end":{"line":155,"column":null}},{"start":{"line":156,"column":6},"end":{"line":157,"column":null}},{"start":{"line":158,"column":6},"end":{"line":159,"column":null}},{"start":{"line":160,"column":6},"end":{"line":161,"column":null}},{"start":{"line":162,"column":6},"end":{"line":163,"column":null}},{"start":{"line":164,"column":6},"end":{"line":165,"column":null}},{"start":{"line":166,"column":6},"end":{"line":167,"column":null}},{"start":{"line":168,"column":6},"end":{"line":169,"column":null}},{"start":{"line":170,"column":6},"end":{"line":171,"column":null}},{"start":{"line":172,"column":6},"end":{"line":173,"column":null}},{"start":{"line":174,"column":6},"end":{"line":175,"column":null}},{"start":{"line":176,"column":6},"end":{"line":177,"column":null}},{"start":{"line":178,"column":6},"end":{"line":179,"column":null}},{"start":{"line":180,"column":6},"end":{"line":181,"column":null}},{"start":{"line":182,"column":6},"end":{"line":183,"column":null}},{"start":{"line":184,"column":6},"end":{"line":185,"column":null}},{"start":{"line":186,"column":6},"end":{"line":187,"column":null}},{"start":{"line":188,"column":6},"end":{"line":189,"column":null}},{"start":{"line":190,"column":6},"end":{"line":191,"column":null}},{"start":{"line":192,"column":6},"end":{"line":193,"column":null}},{"start":{"line":194,"column":6},"end":{"line":195,"column":null}}],"line":153},"8":{"loc":{"start":{"line":234,"column":4},"end":{"line":234,"column":null}},"type":"if","locations":[{"start":{"line":234,"column":4},"end":{"line":234,"column":null}},{"start":{},"end":{}}],"line":234},"9":{"loc":{"start":{"line":237,"column":2},"end":{"line":237,"column":null}},"type":"if","locations":[{"start":{"line":237,"column":2},"end":{"line":237,"column":null}},{"start":{},"end":{}}],"line":237},"10":{"loc":{"start":{"line":237,"column":6},"end":{"line":237,"column":31}},"type":"binary-expr","locations":[{"start":{"line":237,"column":6},"end":{"line":237,"column":20}},{"start":{"line":237,"column":20},"end":{"line":237,"column":31}}],"line":237}},"s":{"0":1,"1":1,"2":0,"3":1,"4":0,"5":0,"6":1,"7":0,"8":0,"9":1,"10":0,"11":0,"12":1,"13":0,"14":0,"15":1,"16":0,"17":0,"18":1,"19":0,"20":0,"21":1,"22":0,"23":0,"24":1,"25":0,"26":0,"27":1,"28":0,"29":0,"30":1,"31":0,"32":0,"33":1,"34":0,"35":0,"36":1,"37":0,"38":0,"39":1,"40":0,"41":0,"42":1,"43":0,"44":0,"45":1,"46":0,"47":0,"48":1,"49":0,"50":0,"51":1,"52":0,"53":0,"54":1,"55":0,"56":0,"57":1,"58":0,"59":0,"60":2,"61":6,"62":3,"63":2,"64":2,"65":2,"66":2,"67":1,"68":2,"69":1,"70":1,"71":2,"72":1,"73":1,"74":1,"75":2,"76":1,"77":0,"78":0,"79":0,"80":0,"81":0,"82":0,"83":1,"84":0,"85":1,"86":1,"87":1,"88":2,"89":1,"90":0,"91":1,"92":0,"93":1,"94":1,"95":1,"96":1,"97":1,"98":1,"99":2,"100":2,"101":1,"102":1,"103":0,"104":2,"105":2,"106":2,"107":0,"108":0,"109":0,"110":0,"111":0,"112":0,"113":0,"114":0,"115":0,"116":0,"117":0,"118":0,"119":0,"120":0,"121":0,"122":0,"123":0,"124":0,"125":0,"126":0,"127":2,"128":3,"129":9,"130":3,"131":3,"132":1,"133":1,"134":3,"135":3,"136":0,"137":0,"138":0},"f":{"0":1,"1":0,"2":0,"3":0,"4":0,"5":0,"6":0,"7":0,"8":0,"9":0,"10":0,"11":0,"12":0,"13":0,"14":0,"15":0,"16":0,"17":0,"18":0,"19":0,"20":0,"21":0,"22":0,"23":0,"24":0,"25":0,"26":0,"27":0,"28":0,"29":0,"30":0,"31":0,"32":0,"33":0,"34":0,"35":0,"36":0,"37":0,"38":0,"39":0,"40":2,"41":6,"42":3,"43":2,"44":1,"45":1,"46":1,"47":1,"48":0,"49":0,"50":1,"51":1,"52":0,"53":0,"54":1,"55":1,"56":2,"57":3,"58":9,"59":1,"60":0,"61":0},"b":{"0":[1,0],"1":[1,0],"2":[0,0],"3":[0,0],"4":[0,1],"5":[0,1],"6":[1,1],"7":[2,0,0,0,0,0,0,0,0,0,0,0,0,0,0,0,0,0,0,0,0],"8":[1,0],"9":[3,0],"10":[3,0]},"meta":{"lastBranch":11,"lastFunction":62,"lastStatement":139,"seen":{"s:8:6:8:Infinity":0,"f:8:30:8:41":0,"s:8:41:8:Infinity":1,"f:8:78:8:84":1,"s:8:86:8:Infinity":2,"s:9:6:9:Infinity":3,"f:9:30:9:41":2,"s:9:41:9:Infinity":4,"f:9:81:9:87":3,"s:9:89:9:Infinity":5,"s:10:6:10:Infinity":6,"f:10:30:10:41":4,"s:10:41:10:Infinity":7,"f:10:80:10:86":5,"s:10:88:10:Infinity":8,"s:11:6:11:Infinity":9,"f:11:30:11:41":6,"s:11:41:11:Infinity":10,"f:11:75:11:81":7,"s:11:83:11:Infinity":11,"s:12:6:12:Infinity":12,"f:12:30:12:41":8,"s:12:41:12:Infinity":13,"f:12:77:12:83":9,"s:12:85:12:Infinity":14,"s:13:6:13:Infinity":15,"f:13:30:13:41":10,"s:13:41:13:Infinity":16,"f:13:80:13:86":11,"s:13:88:13:Infinity":17,"s:14:6:14:Infinity":18,"f:14:30:14:41":12,"s:14:41:14:Infinity":19,"f:14:79:14:85":13,"s:14:87:14:Infinity":20,"s:15:6:15:Infinity":21,"f:15:30:15:41":14,"s:15:41:15:Infinity":22,"f:15:79:15:85":15,"s:15:87:15:Infinity":23,"s:16:6:16:Infinity":24,"f:16:30:16:41":16,"s:16:41:16:Infinity":25,"f:16:83:16:89":17,"s:16:91:16:Infinity":26,"s:17:6:17:Infinity":27,"f:17:30:17:41":18,"s:17:41:17:Infinity":28,"f:17:81:17:87":19,"s:17:89:17:Infinity":29,"s:18:6:18:Infinity":30,"f:18:30:18:41":20,"s:18:41:18:Infinity":31,"f:18:86:18:92":21,"s:18:94:18:Infinity":32,"s:19:6:19:Infinity":33,"f:19:30:19:41":22,"s:19:41:19:Infinity":34,"f:19:86:19:92":23,"s:19:94:19:Infinity":35,"s:20:6:20:Infinity":36,"f:20:30:20:41":24,"s:20:41:20:Infinity":37,"f:20:77:20:83":25,"s:20:85:20:Infinity":38,"s:21:6:21:Infinity":39,"f:21:30:21:41":26,"s:21:41:21:Infinity":40,"f:21:80:21:86":27,"s:21:88:21:Infinity":41,"s:22:6:22:Infinity":42,"f:22:30:22:41":28,"s:22:41:22:Infinity":43,"f:22:79:22:85":29,"s:22:87:22:Infinity":44,"s:23:6:23:Infinity":45,"f:23:30:23:41":30,"s:23:41:23:Infinity":46,"f:23:78:23:84":31,"s:23:86:23:Infinity":47,"s:24:6:24:Infinity":48,"f:24:30:24:41":32,"s:24:41:24:Infinity":49,"f:24:75:24:81":33,"s:24:83:24:Infinity":50,"s:25:6:25:Infinity":51,"f:25:30:25:41":34,"s:25:41:25:Infinity":52,"f:25:86:25:92":35,"s:25:94:25:Infinity":53,"s:26:6:26:Infinity":54,"f:26:30:26:41":36,"s:26:41:26:Infinity":55,"f:26:81:26:87":37,"s:26:89:26:Infinity":56,"s:27:6:27:Infinity":57,"f:27:30:27:41":38,"s:27:41:27:Infinity":58,"f:27:84:27:90":39,"s:27:92:27:Infinity":59,"f:34:9:34:24":40,"s:35:2:61:Infinity":60,"f:51:19:51:23":41,"s:52:12:56:Infinity":61,"f:66:9:66:24":42,"s:67:2:79:Infinity":62,"f:83:9:83:15":43,"s:84:25:84:50":63,"s:85:10:85:40":64,"s:86:8:86:43":65,"s:89:2:91:Infinity":66,"f:89:2:89:18":44,"s:90:4:90:Infinity":67,"s:94:2:98:Infinity":68,"f:94:2:94:18":45,"b:95:4:96:Infinity:undefined:undefined:undefined:undefined":0,"s:95:4:96:Infinity":69,"s:96:6:96:Infinity":70,"s:101:2:106:Infinity":71,"f:101:2:101:18":46,"s:102:24:102:Infinity":72,"b:103:4:104:Infinity:undefined:undefined:undefined:undefined":1,"s:103:4:104:Infinity":73,"s:104:6:104:Infinity":74,"s:108:2:127:Infinity":75,"f:108:2:108:18":47,"s:109:10:116:Infinity":76,"f:109:10:109:33":48,"s:110:25:110:62":77,"b:111:6:116:Infinity:undefined:undefined:undefined:undefined":2,"s:111:6:116:Infinity":78,"b:111:10:111:24:111:24:111:74":3,"s:112:8:116:Infinity":79,"f:112:17:112:27":49,"s:113:29:113:49":80,"s:114:10:114:Infinity":81,"s:115:10:115:Infinity":82,"b:120:4:121:Infinity:undefined:undefined:undefined:undefined":4,"s:120:4:121:Infinity":83,"s:121:7:121:Infinity":84,"s:124:4:124:Infinity":85,"s:125:4:125:Infinity":86,"f:125:4:125:17":50,"s:125:17:125:71":87,"s:130:2:140:Infinity":88,"f:130:2:130:18":51,"s:131:10:131:48":89,"f:131:10:131:31":52,"s:131:31:131:48":90,"s:132:10:132:48":91,"f:132:10:132:32":53,"s:132:32:132:48":92,"s:133:4:133:Infinity":93,"s:134:4:134:Infinity":94,"s:135:4:135:Infinity":95,"s:136:4:138:Infinity":96,"f:136:4:136:17":54,"s:137:6:137:Infinity":97,"s:138:6:138:Infinity":98,"s:143:16:143:39":99,"s:144:2:149:Infinity":100,"f:144:2:144:18":55,"s:145:26:145:45":101,"b:146:4:147:Infinity:undefined:undefined:undefined:undefined":5,"s:146:4:147:Infinity":102,"b:146:8:146:33:146:33:146:71":6,"s:147:6:147:Infinity":103,"s:152:8:195:Infinity":104,"f:152:8:152:29":56,"b:154:6:155:Infinity:156:6:157:Infinity:158:6:159:Infinity:160:6:161:Infinity:162:6:163:Infinity:164:6:165:Infinity:166:6:167:Infinity:168:6:169:Infinity:170:6:171:Infinity:172:6:173:Infinity:174:6:175:Infinity:176:6:177:Infinity:178:6:179:Infinity:180:6:181:Infinity:182:6:183:Infinity:184:6:185:Infinity:186:6:187:Infinity:188:6:189:Infinity:190:6:191:Infinity:192:6:193:Infinity:194:6:195:Infinity":7,"s:153:4:195:Infinity":105,"s:155:8:155:Infinity":106,"s:157:8:157:Infinity":107,"s:159:8:159:Infinity":108,"s:161:8:161:Infinity":109,"s:163:8:163:Infinity":110,"s:165:8:165:Infinity":111,"s:167:8:167:Infinity":112,"s:169:8:169:Infinity":113,"s:171:8:171:Infinity":114,"s:173:8:173:Infinity":115,"s:175:8:175:Infinity":116,"s:177:8:177:Infinity":117,"s:179:8:179:Infinity":118,"s:181:8:181:Infinity":119,"s:183:8:183:Infinity":120,"s:185:8:185:Infinity":121,"s:187:8:187:Infinity":122,"s:189:8:189:Infinity":123,"s:191:8:191:Infinity":124,"s:193:8:193:Infinity":125,"s:195:8:195:Infinity":126,"s:199:2:221:Infinity":127,"f:227:9:227:25":57,"s:228:8:228:48":128,"f:228:20:228:30":58,"s:228:36:228:48":129,"s:229:20:229:51":130,"s:232:2:235:Infinity":131,"f:232:2:232:18":59,"b:234:4:234:Infinity:undefined:undefined:undefined:undefined":8,"s:234:4:234:Infinity":132,"s:234:20:234:Infinity":133,"b:237:2:237:Infinity:undefined:undefined:undefined:undefined":9,"s:237:2:237:Infinity":134,"b:237:6:237:20:237:20:237:31":10,"s:237:31:237:Infinity":135,"s:239:2:271:Infinity":136,"f:258:12:258:27":60,"s:258:27:258:51":137,"f:264:12:264:27":61,"s:264:27:264:45":138}}}
,"D:\\Electionn\\src\\components\\AlertBanner.tsx": {"path":"D:\\Electionn\\src\\components\\AlertBanner.tsx","statementMap":{"0":{"start":{"line":7,"column":24},"end":{"line":7,"column":47}},"1":{"start":{"line":9,"column":17},"end":{"line":13,"column":null}},"2":{"start":{"line":14,"column":15},"end":{"line":14,"column":null}},"3":{"start":{"line":16,"column":2},"end":{"line":42,"column":null}},"4":{"start":{"line":30,"column":25},"end":{"line":30,"column":54}},"5":{"start":{"line":38,"column":25},"end":{"line":38,"column":47}},"6":{"start":{"line":49,"column":8},"end":{"line":49,"column":42}},"7":{"start":{"line":49,"column":33},"end":{"line":49,"column":42}},"8":{"start":{"line":51,"column":2},"end":{"line":56,"column":null}},"9":{"start":{"line":54,"column":8},"end":{"line":54,"column":null}}},"fnMap":{"0":{"name":"AlertItem","decl":{"start":{"line":6,"column":9},"end":{"line":6,"column":19}},"loc":{"start":{"line":6,"column":51},"end":{"line":42,"column":null}},"line":6},"1":{"name":"(anonymous_1)","decl":{"start":{"line":30,"column":10},"end":{"line":30,"column":25}},"loc":{"start":{"line":30,"column":25},"end":{"line":30,"column":54}},"line":30},"2":{"name":"(anonymous_2)","decl":{"start":{"line":38,"column":10},"end":{"line":38,"column":25}},"loc":{"start":{"line":38,"column":25},"end":{"line":38,"column":47}},"line":38},"3":{"name":"AlertBanner","decl":{"start":{"line":48,"column":16},"end":{"line":48,"column":30}},"loc":{"start":{"line":48,"column":30},"end":{"line":56,"column":null}},"line":48},"4":{"name":"(anonymous_4)","decl":{"start":{"line":49,"column":17},"end":{"line":49,"column":27}},"loc":{"start":{"line":49,"column":33},"end":{"line":49,"column":42}},"line":49},"5":{"name":"(anonymous_5)","decl":{"start":{"line":53,"column":14},"end":{"line":53,"column":19}},"loc":{"start":{"line":54,"column":8},"end":{"line":54,"column":null}},"line":54}},"branchMap":{"0":{"loc":{"start":{"line":14,"column":15},"end":{"line":14,"column":null}},"type":"cond-expr","locations":[{"start":{"line":14,"column":41},"end":{"line":14,"column":47}},{"start":{"line":14,"column":47},"end":{"line":14,"column":null}}],"line":14},"1":{"loc":{"start":{"line":14,"column":47},"end":{"line":14,"column":null}},"type":"cond-expr","locations":[{"start":{"line":14,"column":74},"end":{"line":14,"column":90}},{"start":{"line":14,"column":90},"end":{"line":14,"column":null}}],"line":14},"2":{"loc":{"start":{"line":24,"column":91},"end":{"line":24,"column":null}},"type":"cond-expr","locations":[{"start":{"line":24,"column":117},"end":{"line":24,"column":149}},{"start":{"line":24,"column":149},"end":{"line":24,"column":null}}],"line":24},"3":{"loc":{"start":{"line":28,"column":7},"end":{"line":34,"column":null}},"type":"binary-expr","locations":[{"start":{"line":28,"column":7},"end":{"line":28,"column":28}},{"start":{"line":28,"column":28},"end":{"line":28,"column":null}},{"start":{"line":29,"column":8},"end":{"line":34,"column":null}}],"line":28},"4":{"loc":{"start":{"line":36,"column":7},"end":{"line":42,"column":null}},"type":"binary-expr","locations":[{"start":{"line":36,"column":7},"end":{"line":36,"column":null}},{"start":{"line":37,"column":8},"end":{"line":42,"column":null}}],"line":36}},"s":{"0":0,"1":0,"2":0,"3":0,"4":0,"5":0,"6":0,"7":0,"8":0,"9":0},"f":{"0":0,"1":0,"2":0,"3":0,"4":0,"5":0},"b":{"0":[0,0],"1":[0,0],"2":[0,0],"3":[0,0,0],"4":[0,0]},"meta":{"lastBranch":5,"lastFunction":6,"lastStatement":10,"seen":{"f:6:9:6:19":0,"s:7:24:7:47":0,"s:9:17:13:Infinity":1,"s:14:15:14:Infinity":2,"b:14:41:14:47:14:47:14:Infinity":0,"b:14:74:14:90:14:90:14:Infinity":1,"s:16:2:42:Infinity":3,"b:24:117:24:149:24:149:24:Infinity":2,"b:28:7:28:28:28:28:28:Infinity:29:8:34:Infinity":3,"f:30:10:30:25":1,"s:30:25:30:54":4,"b:36:7:36:Infinity:37:8:42:Infinity":4,"f:38:10:38:25":2,"s:38:25:38:47":5,"f:48:16:48:30":3,"s:49:8:49:42":6,"f:49:17:49:27":4,"s:49:33:49:42":7,"s:51:2:56:Infinity":8,"f:53:14:53:19":5,"s:54:8:54:Infinity":9}}}
,"D:\\Electionn\\src\\components\\BottomNav.tsx": {"path":"D:\\Electionn\\src\\components\\BottomNav.tsx","statementMap":{"0":{"start":{"line":20,"column":29},"end":{"line":26,"column":null}},"1":{"start":{"line":28,"column":26},"end":{"line":28,"column":null}},"2":{"start":{"line":31,"column":25},"end":{"line":31,"column":48}},"3":{"start":{"line":33,"column":2},"end":{"line":33,"column":null}},"4":{"start":{"line":33,"column":39},"end":{"line":33,"column":null}},"5":{"start":{"line":35,"column":2},"end":{"line":89,"column":null}},"6":{"start":{"line":48,"column":25},"end":{"line":48,"column":null}},"7":{"start":{"line":49,"column":23},"end":{"line":49,"column":null}},"8":{"start":{"line":50,"column":10},"end":{"line":85,"column":null}},"9":{"start":{"line":58,"column":29},"end":{"line":58,"column":50}}},"fnMap":{"0":{"name":"BottomNav","decl":{"start":{"line":30,"column":16},"end":{"line":30,"column":28}},"loc":{"start":{"line":30,"column":28},"end":{"line":89,"column":null}},"line":30},"1":{"name":"(anonymous_1)","decl":{"start":{"line":47,"column":19},"end":{"line":47,"column":24}},"loc":{"start":{"line":47,"column":33},"end":{"line":85,"column":null}},"line":47},"2":{"name":"(anonymous_2)","decl":{"start":{"line":58,"column":14},"end":{"line":58,"column":29}},"loc":{"start":{"line":58,"column":29},"end":{"line":58,"column":50}},"line":58}},"branchMap":{"0":{"loc":{"start":{"line":33,"column":2},"end":{"line":33,"column":null}},"type":"if","locations":[{"start":{"line":33,"column":2},"end":{"line":33,"column":null}},{"start":{},"end":{}}],"line":33},"1":{"loc":{"start":{"line":56,"column":28},"end":{"line":56,"column":null}},"type":"cond-expr","locations":[{"start":{"line":56,"column":37},"end":{"line":56,"column":46}},{"start":{"line":56,"column":46},"end":{"line":56,"column":null}}],"line":56},"2":{"loc":{"start":{"line":62,"column":15},"end":{"line":69,"column":null}},"type":"binary-expr","locations":[{"start":{"line":62,"column":15},"end":{"line":62,"column":null}},{"start":{"line":63,"column":16},"end":{"line":69,"column":null}}],"line":62},"3":{"loc":{"start":{"line":71,"column":65},"end":{"line":71,"column":null}},"type":"cond-expr","locations":[{"start":{"line":71,"column":74},"end":{"line":71,"column":91}},{"start":{"line":71,"column":91},"end":{"line":71,"column":null}}],"line":71},"4":{"loc":{"start":{"line":74,"column":58},"end":{"line":74,"column":null}},"type":"cond-expr","locations":[{"start":{"line":74,"column":67},"end":{"line":74,"column":87}},{"start":{"line":74,"column":87},"end":{"line":74,"column":null}}],"line":74},"5":{"loc":{"start":{"line":79,"column":18},"end":{"line":79,"column":null}},"type":"cond-expr","locations":[{"start":{"line":79,"column":27},"end":{"line":79,"column":47}},{"start":{"line":79,"column":47},"end":{"line":79,"column":null}}],"line":79}},"s":{"0":1,"1":1,"2":2,"3":2,"4":2,"5":0,"6":0,"7":0,"8":0,"9":0},"f":{"0":2,"1":0,"2":0},"b":{"0":[2,0],"1":[0,0],"2":[0,0],"3":[0,0],"4":[0,0],"5":[0,0]},"meta":{"lastBranch":6,"lastFunction":3,"lastStatement":10,"seen":{"s:20:29:26:Infinity":0,"s:28:26:28:Infinity":1,"f:30:16:30:28":0,"s:31:25:31:48":2,"b:33:2:33:Infinity:undefined:undefined:undefined:undefined":0,"s:33:2:33:Infinity":3,"s:33:39:33:Infinity":4,"s:35:2:89:Infinity":5,"f:47:19:47:24":1,"s:48:25:48:Infinity":6,"s:49:23:49:Infinity":7,"s:50:10:85:Infinity":8,"b:56:37:56:46:56:46:56:Infinity":1,"f:58:14:58:29":2,"s:58:29:58:50":9,"b:62:15:62:Infinity:63:16:69:Infinity":2,"b:71:74:71:91:71:91:71:Infinity":3,"b:74:67:74:87:74:87:74:Infinity":4,"b:79:27:79:47:79:47:79:Infinity":5}}}
,"D:\\Electionn\\src\\components\\ErrorBoundary.tsx": {"path":"D:\\Electionn\\src\\components\\ErrorBoundary.tsx","statementMap":{"0":{"start":{"line":45,"column":10},"end":{"line":46,"column":null}},"1":{"start":{"line":49,"column":10},"end":{"line":57,"column":null}},"2":{"start":{"line":31,"column":4},"end":{"line":31,"column":null}},"3":{"start":{"line":32,"column":4},"end":{"line":32,"column":null}},"4":{"start":{"line":36,"column":4},"end":{"line":36,"column":null}},"5":{"start":{"line":40,"column":4},"end":{"line":40,"column":null}},"6":{"start":{"line":42,"column":4},"end":{"line":42,"column":null}},"7":{"start":{"line":46,"column":4},"end":{"line":46,"column":null}},"8":{"start":{"line":50,"column":4},"end":{"line":50,"column":null}},"9":{"start":{"line":52,"column":4},"end":{"line":54,"column":null}},"10":{"start":{"line":53,"column":6},"end":{"line":53,"column":null}},"11":{"start":{"line":57,"column":4},"end":{"line":57,"column":null}},"12":{"start":{"line":61,"column":4},"end":{"line":125,"column":null}},"13":{"start":{"line":62,"column":6},"end":{"line":62,"column":null}},"14":{"start":{"line":62,"column":31},"end":{"line":62,"column":null}},"15":{"start":{"line":64,"column":6},"end":{"line":125,"column":null}},"16":{"start":{"line":131,"column":4},"end":{"line":131,"column":null}}},"fnMap":{"0":{"name":"(anonymous_0)","decl":{"start":{"line":30,"column":2},"end":{"line":30,"column":14}},"loc":{"start":{"line":30,"column":28},"end":{"line":32,"column":null}},"line":30},"1":{"name":"(anonymous_1)","decl":{"start":{"line":35,"column":9},"end":{"line":35,"column":34}},"loc":{"start":{"line":35,"column":64},"end":{"line":36,"column":null}},"line":35},"2":{"name":"(anonymous_2)","decl":{"start":{"line":39,"column":2},"end":{"line":39,"column":11}},"loc":{"start":{"line":39,"column":71},"end":{"line":42,"column":null}},"line":39},"3":{"name":"(anonymous_3)","decl":{"start":{"line":45,"column":10},"end":{"line":45,"column":36}},"loc":{"start":{"line":45,"column":36},"end":{"line":46,"column":null}},"line":45},"4":{"name":"(anonymous_4)","decl":{"start":{"line":49,"column":10},"end":{"line":49,"column":37}},"loc":{"start":{"line":49,"column":37},"end":{"line":57,"column":null}},"line":49},"5":{"name":"(anonymous_5)","decl":{"start":{"line":60,"column":2},"end":{"line":60,"column":11}},"loc":{"start":{"line":60,"column":31},"end":{"line":131,"column":null}},"line":60}},"branchMap":{"0":{"loc":{"start":{"line":61,"column":4},"end":{"line":125,"column":null}},"type":"if","locations":[{"start":{"line":61,"column":4},"end":{"line":125,"column":null}},{"start":{},"end":{}}],"line":61},"1":{"loc":{"start":{"line":62,"column":6},"end":{"line":62,"column":null}},"type":"if","locations":[{"start":{"line":62,"column":6},"end":{"line":62,"column":null}},{"start":{},"end":{}}],"line":62},"2":{"loc":{"start":{"line":84,"column":11},"end":{"line":91,"column":null}},"type":"binary-expr","locations":[{"start":{"line":84,"column":11},"end":{"line":84,"column":34}},{"start":{"line":84,"column":34},"end":{"line":84,"column":null}},{"start":{"line":85,"column":12},"end":{"line":91,"column":null}}],"line":84}},"s":{"0":1,"1":0,"2":14,"3":14,"4":12,"5":6,"6":6,"7":1,"8":0,"9":0,"10":0,"11":0,"12":33,"13":18,"14":3,"15":15,"16":15},"f":{"0":14,"1":1,"2":6,"3":1,"4":0,"5":33},"b":{"0":[18,15],"1":[3,15],"2":[15,15,15]},"meta":{"lastBranch":3,"lastFunction":6,"lastStatement":17,"seen":{"s:45:10:46:Infinity":0,"s:49:10:57:Infinity":1,"f:30:2:30:14":0,"s:31:4:31:Infinity":2,"s:32:4:32:Infinity":3,"f:35:9:35:34":1,"s:36:4:36:Infinity":4,"f:39:2:39:11":2,"s:40:4:40:Infinity":5,"s:42:4:42:Infinity":6,"f:45:10:45:36":3,"s:46:4:46:Infinity":7,"f:49:10:49:37":4,"s:50:4:50:Infinity":8,"s:52:4:54:Infinity":9,"s:53:6:53:Infinity":10,"s:57:4:57:Infinity":11,"f:60:2:60:11":5,"b:61:4:125:Infinity:undefined:undefined:undefined:undefined":0,"s:61:4:125:Infinity":12,"b:62:6:62:Infinity:undefined:undefined:undefined:undefined":1,"s:62:6:62:Infinity":13,"s:62:31:62:Infinity":14,"s:64:6:125:Infinity":15,"b:84:11:84:34:84:34:84:Infinity:85:12:91:Infinity":2,"s:131:4:131:Infinity":16}}}
,"D:\\Electionn\\src\\components\\FloatingBot.tsx": {"path":"D:\\Electionn\\src\\components\\FloatingBot.tsx","statementMap":{"0":{"start":{"line":7,"column":37},"end":{"line":7,"column":65}},"1":{"start":{"line":8,"column":15},"end":{"line":8,"column":41}},"2":{"start":{"line":10,"column":24},"end":{"line":10,"column":null}},"3":{"start":{"line":11,"column":2},"end":{"line":11,"column":null}},"4":{"start":{"line":11,"column":65},"end":{"line":11,"column":null}},"5":{"start":{"line":13,"column":2},"end":{"line":71,"column":null}},"6":{"start":{"line":33,"column":31},"end":{"line":33,"column":45}},"7":{"start":{"line":52,"column":25},"end":{"line":52,"column":39}},"8":{"start":{"line":65,"column":25},"end":{"line":65,"column":41}}},"fnMap":{"0":{"name":"FloatingBot","decl":{"start":{"line":6,"column":16},"end":{"line":6,"column":30}},"loc":{"start":{"line":6,"column":30},"end":{"line":71,"column":null}},"line":6},"1":{"name":"(anonymous_1)","decl":{"start":{"line":33,"column":16},"end":{"line":33,"column":31}},"loc":{"start":{"line":33,"column":31},"end":{"line":33,"column":45}},"line":33},"2":{"name":"(anonymous_2)","decl":{"start":{"line":52,"column":10},"end":{"line":52,"column":25}},"loc":{"start":{"line":52,"column":25},"end":{"line":52,"column":39}},"line":52},"3":{"name":"(anonymous_3)","decl":{"start":{"line":65,"column":10},"end":{"line":65,"column":25}},"loc":{"start":{"line":65,"column":25},"end":{"line":65,"column":41}},"line":65}},"branchMap":{"0":{"loc":{"start":{"line":11,"column":2},"end":{"line":11,"column":null}},"type":"if","locations":[{"start":{"line":11,"column":2},"end":{"line":11,"column":null}},{"start":{},"end":{}}],"line":11},"1":{"loc":{"start":{"line":11,"column":6},"end":{"line":11,"column":63}},"type":"binary-expr","locations":[{"start":{"line":11,"column":6},"end":{"line":11,"column":26}},{"start":{"line":11,"column":26},"end":{"line":11,"column":63}}],"line":11},"2":{"loc":{"start":{"line":18,"column":9},"end":{"line":44,"column":null}},"type":"binary-expr","locations":[{"start":{"line":18,"column":9},"end":{"line":18,"column":null}},{"start":{"line":19,"column":10},"end":{"line":44,"column":null}}],"line":18},"3":{"loc":{"start":{"line":54,"column":12},"end":{"line":55,"column":null}},"type":"cond-expr","locations":[{"start":{"line":54,"column":18},"end":{"line":54,"column":null}},{"start":{"line":55,"column":16},"end":{"line":55,"column":null}}],"line":54}},"s":{"0":2,"1":2,"2":2,"3":2,"4":2,"5":0,"6":0,"7":0,"8":0},"f":{"0":2,"1":0,"2":0,"3":0},"b":{"0":[2,0],"1":[2,2],"2":[0,0],"3":[0,0]},"meta":{"lastBranch":4,"lastFunction":4,"lastStatement":9,"seen":{"f:6:16:6:30":0,"s:7:37:7:65":0,"s:8:15:8:41":1,"s:10:24:10:Infinity":2,"b:11:2:11:Infinity:undefined:undefined:undefined:undefined":0,"s:11:2:11:Infinity":3,"b:11:6:11:26:11:26:11:63":1,"s:11:65:11:Infinity":4,"s:13:2:71:Infinity":5,"b:18:9:18:Infinity:19:10:44:Infinity":2,"f:33:16:33:31":1,"s:33:31:33:45":6,"f:52:10:52:25":2,"s:52:25:52:39":7,"b:54:18:54:Infinity:55:16:55:Infinity":3,"f:65:10:65:25":3,"s:65:25:65:41":8}}}
,"D:\\Electionn\\src\\components\\InfoButton.tsx": {"path":"D:\\Electionn\\src\\components\\InfoButton.tsx","statementMap":{"0":{"start":{"line":12,"column":15},"end":{"line":12,"column":41}},"1":{"start":{"line":14,"column":2},"end":{"line":79,"column":null}},"2":{"start":{"line":18,"column":23},"end":{"line":18,"column":36}},"3":{"start":{"line":32,"column":27},"end":{"line":32,"column":41}},"4":{"start":{"line":40,"column":30},"end":{"line":40,"column":49}},"5":{"start":{"line":53,"column":33},"end":{"line":53,"column":47}},"6":{"start":{"line":68,"column":33},"end":{"line":68,"column":47}},"7":{"start":{"line":85,"column":15},"end":{"line":85,"column":41}},"8":{"start":{"line":87,"column":2},"end":{"line":145,"column":null}},"9":{"start":{"line":90,"column":23},"end":{"line":90,"column":36}},"10":{"start":{"line":103,"column":27},"end":{"line":103,"column":41}},"11":{"start":{"line":111,"column":30},"end":{"line":111,"column":49}},"12":{"start":{"line":123,"column":33},"end":{"line":123,"column":47}},"13":{"start":{"line":134,"column":33},"end":{"line":134,"column":47}}},"fnMap":{"0":{"name":"InfoButton","decl":{"start":{"line":11,"column":16},"end":{"line":11,"column":27}},"loc":{"start":{"line":11,"column":77},"end":{"line":79,"column":null}},"line":11},"1":{"name":"(anonymous_1)","decl":{"start":{"line":18,"column":8},"end":{"line":18,"column":23}},"loc":{"start":{"line":18,"column":23},"end":{"line":18,"column":36}},"line":18},"2":{"name":"(anonymous_2)","decl":{"start":{"line":32,"column":12},"end":{"line":32,"column":27}},"loc":{"start":{"line":32,"column":27},"end":{"line":32,"column":41}},"line":32},"3":{"name":"(anonymous_3)","decl":{"start":{"line":40,"column":14},"end":{"line":40,"column":24}},"loc":{"start":{"line":40,"column":30},"end":{"line":40,"column":49}},"line":40},"4":{"name":"(anonymous_4)","decl":{"start":{"line":53,"column":18},"end":{"line":53,"column":33}},"loc":{"start":{"line":53,"column":33},"end":{"line":53,"column":47}},"line":53},"5":{"name":"(anonymous_5)","decl":{"start":{"line":68,"column":18},"end":{"line":68,"column":33}},"loc":{"start":{"line":68,"column":33},"end":{"line":68,"column":47}},"line":68},"6":{"name":"InfoButtonLight","decl":{"start":{"line":84,"column":16},"end":{"line":84,"column":32}},"loc":{"start":{"line":84,"column":99},"end":{"line":145,"column":null}},"line":84},"7":{"name":"(anonymous_7)","decl":{"start":{"line":90,"column":8},"end":{"line":90,"column":23}},"loc":{"start":{"line":90,"column":23},"end":{"line":90,"column":36}},"line":90},"8":{"name":"(anonymous_8)","decl":{"start":{"line":103,"column":12},"end":{"line":103,"column":27}},"loc":{"start":{"line":103,"column":27},"end":{"line":103,"column":41}},"line":103},"9":{"name":"(anonymous_9)","decl":{"start":{"line":111,"column":14},"end":{"line":111,"column":24}},"loc":{"start":{"line":111,"column":30},"end":{"line":111,"column":49}},"line":111},"10":{"name":"(anonymous_10)","decl":{"start":{"line":123,"column":18},"end":{"line":123,"column":33}},"loc":{"start":{"line":123,"column":33},"end":{"line":123,"column":47}},"line":123},"11":{"name":"(anonymous_11)","decl":{"start":{"line":134,"column":18},"end":{"line":134,"column":33}},"loc":{"start":{"line":134,"column":33},"end":{"line":134,"column":47}},"line":134}},"branchMap":{"0":{"loc":{"start":{"line":11,"column":35},"end":{"line":11,"column":77}},"type":"default-arg","locations":[{"start":{"line":11,"column":43},"end":{"line":11,"column":77}}],"line":11},"1":{"loc":{"start":{"line":27,"column":9},"end":{"line":78,"column":null}},"type":"binary-expr","locations":[{"start":{"line":27,"column":9},"end":{"line":27,"column":null}},{"start":{"line":28,"column":10},"end":{"line":78,"column":null}}],"line":27},"2":{"loc":{"start":{"line":84,"column":40},"end":{"line":84,"column":99}},"type":"default-arg","locations":[{"start":{"line":84,"column":48},"end":{"line":84,"column":99}}],"line":84},"3":{"loc":{"start":{"line":98,"column":9},"end":{"line":144,"column":null}},"type":"binary-expr","locations":[{"start":{"line":98,"column":9},"end":{"line":98,"column":null}},{"start":{"line":99,"column":10},"end":{"line":144,"column":null}}],"line":98}},"s":{"0":0,"1":0,"2":0,"3":0,"4":0,"5":0,"6":0,"7":0,"8":0,"9":0,"10":0,"11":0,"12":0,"13":0},"f":{"0":0,"1":0,"2":0,"3":0,"4":0,"5":0,"6":0,"7":0,"8":0,"9":0,"10":0,"11":0},"b":{"0":[0],"1":[0,0],"2":[0],"3":[0,0]},"meta":{"lastBranch":4,"lastFunction":12,"lastStatement":14,"seen":{"f:11:16:11:27":0,"b:11:43:11:77":0,"s:12:15:12:41":0,"s:14:2:79:Infinity":1,"f:18:8:18:23":1,"s:18:23:18:36":2,"b:27:9:27:Infinity:28:10:78:Infinity":1,"f:32:12:32:27":2,"s:32:27:32:41":3,"f:40:14:40:24":3,"s:40:30:40:49":4,"f:53:18:53:33":4,"s:53:33:53:47":5,"f:68:18:68:33":5,"s:68:33:68:47":6,"f:84:16:84:32":6,"b:84:48:84:99":2,"s:85:15:85:41":7,"s:87:2:145:Infinity":8,"f:90:8:90:23":7,"s:90:23:90:36":9,"b:98:9:98:Infinity:99:10:144:Infinity":3,"f:103:12:103:27":8,"s:103:27:103:41":10,"f:111:14:111:24":9,"s:111:30:111:49":11,"f:123:18:123:33":10,"s:123:33:123:47":12,"f:134:18:134:33":11,"s:134:33:134:47":13}}}
,"D:\\Electionn\\src\\components\\KnowledgeCard.tsx": {"path":"D:\\Electionn\\src\\components\\KnowledgeCard.tsx","statementMap":{"0":{"start":{"line":4,"column":18},"end":{"line":29,"column":null}},"1":{"start":{"line":32,"column":12},"end":{"line":32,"column":null}},"2":{"start":{"line":33,"column":2},"end":{"line":52,"column":null}},"3":{"start":{"line":47,"column":10},"end":{"line":50,"column":null}},"4":{"start":{"line":59,"column":36},"end":{"line":100,"column":null}}},"fnMap":{"0":{"name":"KnowledgeCard","decl":{"start":{"line":31,"column":16},"end":{"line":31,"column":30}},"loc":{"start":{"line":31,"column":57},"end":{"line":52,"column":null}},"line":31},"1":{"name":"(anonymous_1)","decl":{"start":{"line":46,"column":20},"end":{"line":46,"column":25}},"loc":{"start":{"line":47,"column":10},"end":{"line":50,"column":null}},"line":47}},"branchMap":{},"s":{"0":0,"1":0,"2":0,"3":0,"4":0},"f":{"0":0,"1":0},"b":{},"meta":{"lastBranch":0,"lastFunction":2,"lastStatement":5,"seen":{"s:4:18:29:Infinity":0,"f:31:16:31:30":0,"s:32:12:32:Infinity":1,"s:33:2:52:Infinity":2,"f:46:20:46:25":1,"s:47:10:50:Infinity":3,"s:59:36:100:Infinity":4}}}
,"D:\\Electionn\\src\\components\\ProgressBar.tsx": {"path":"D:\\Electionn\\src\\components\\ProgressBar.tsx","statementMap":{"0":{"start":{"line":12,"column":2},"end":{"line":66,"column":null}},"1":{"start":{"line":29,"column":25},"end":{"line":29,"column":52}},"2":{"start":{"line":30,"column":28},"end":{"line":30,"column":null}},"3":{"start":{"line":33,"column":10},"end":{"line":62,"column":null}}},"fnMap":{"0":{"name":"ProgressBar","decl":{"start":{"line":11,"column":16},"end":{"line":11,"column":28}},"loc":{"start":{"line":11,"column":66},"end":{"line":66,"column":null}},"line":11},"1":{"name":"(anonymous_1)","decl":{"start":{"line":28,"column":15},"end":{"line":28,"column":20}},"loc":{"start":{"line":28,"column":32},"end":{"line":64,"column":null}},"line":28}},"branchMap":{"0":{"loc":{"start":{"line":30,"column":28},"end":{"line":30,"column":null}},"type":"binary-expr","locations":[{"start":{"line":30,"column":28},"end":{"line":30,"column":51}},{"start":{"line":30,"column":51},"end":{"line":30,"column":null}}],"line":30},"1":{"loc":{"start":{"line":37,"column":34},"end":{"line":37,"column":56}},"type":"cond-expr","locations":[{"start":{"line":37,"column":46},"end":{"line":37,"column":53}},{"start":{"line":37,"column":53},"end":{"line":37,"column":56}}],"line":37},"2":{"loc":{"start":{"line":40,"column":18},"end":{"line":44,"column":null}},"type":"cond-expr","locations":[{"start":{"line":41,"column":22},"end":{"line":41,"column":null}},{"start":{"line":42,"column":22},"end":{"line":44,"column":null}}],"line":40},"3":{"loc":{"start":{"line":42,"column":22},"end":{"line":44,"column":null}},"type":"cond-expr","locations":[{"start":{"line":43,"column":24},"end":{"line":43,"column":null}},{"start":{"line":44,"column":24},"end":{"line":44,"column":null}}],"line":42},"4":{"loc":{"start":{"line":47,"column":17},"end":{"line":52,"column":null}},"type":"cond-expr","locations":[{"start":{"line":48,"column":18},"end":{"line":49,"column":null}},{"start":{"line":49,"column":20},"end":{"line":52,"column":null}}],"line":47},"5":{"loc":{"start":{"line":49,"column":20},"end":{"line":52,"column":null}},"type":"cond-expr","locations":[{"start":{"line":50,"column":18},"end":{"line":52,"column":19}},{"start":{"line":52,"column":18},"end":{"line":52,"column":null}}],"line":49},"6":{"loc":{"start":{"line":57,"column":18},"end":{"line":57,"column":null}},"type":"cond-expr","locations":[{"start":{"line":57,"column":27},"end":{"line":57,"column":42}},{"start":{"line":57,"column":42},"end":{"line":57,"column":null}}],"line":57},"7":{"loc":{"start":{"line":57,"column":42},"end":{"line":57,"column":null}},"type":"cond-expr","locations":[{"start":{"line":57,"column":54},"end":{"line":57,"column":84}},{"start":{"line":57,"column":84},"end":{"line":57,"column":null}}],"line":57}},"s":{"0":0,"1":0,"2":0,"3":0},"f":{"0":0,"1":0},"b":{"0":[0,0],"1":[0,0],"2":[0,0],"3":[0,0],"4":[0,0],"5":[0,0],"6":[0,0],"7":[0,0]},"meta":{"lastBranch":8,"lastFunction":2,"lastStatement":4,"seen":{"f:11:16:11:28":0,"s:12:2:66:Infinity":0,"f:28:15:28:20":1,"s:29:25:29:52":1,"s:30:28:30:Infinity":2,"b:30:28:30:51:30:51:30:Infinity":0,"s:33:10:62:Infinity":3,"b:37:46:37:53:37:53:37:56":1,"b:41:22:41:Infinity:42:22:44:Infinity":2,"b:43:24:43:Infinity:44:24:44:Infinity":3,"b:48:18:49:Infinity:49:20:52:Infinity":4,"b:50:18:52:19:52:18:52:Infinity":5,"b:57:27:57:42:57:42:57:Infinity":6,"b:57:54:57:84:57:84:57:Infinity":7}}}
,"D:\\Electionn\\src\\components\\ReadinessRing.tsx": {"path":"D:\\Electionn\\src\\components\\ReadinessRing.tsx","statementMap":{"0":{"start":{"line":10,"column":8},"end":{"line":10,"column":null}},"1":{"start":{"line":11,"column":24},"end":{"line":11,"column":null}},"2":{"start":{"line":12,"column":17},"end":{"line":12,"column":null}},"3":{"start":{"line":15,"column":4},"end":{"line":15,"column":null}},"4":{"start":{"line":17,"column":16},"end":{"line":17,"column":null}},"5":{"start":{"line":19,"column":2},"end":{"line":68,"column":null}}},"fnMap":{"0":{"name":"ReadinessRing","decl":{"start":{"line":9,"column":16},"end":{"line":9,"column":30}},"loc":{"start":{"line":9,"column":67},"end":{"line":68,"column":null}},"line":9}},"branchMap":{"0":{"loc":{"start":{"line":9,"column":39},"end":{"line":9,"column":51}},"type":"default-arg","locations":[{"start":{"line":9,"column":46},"end":{"line":9,"column":51}}],"line":9},"1":{"loc":{"start":{"line":15,"column":4},"end":{"line":15,"column":null}},"type":"cond-expr","locations":[{"start":{"line":15,"column":18},"end":{"line":15,"column":30}},{"start":{"line":15,"column":30},"end":{"line":15,"column":null}}],"line":15},"2":{"loc":{"start":{"line":15,"column":30},"end":{"line":15,"column":null}},"type":"cond-expr","locations":[{"start":{"line":15,"column":44},"end":{"line":15,"column":56}},{"start":{"line":15,"column":56},"end":{"line":15,"column":null}}],"line":15},"3":{"loc":{"start":{"line":15,"column":56},"end":{"line":15,"column":null}},"type":"cond-expr","locations":[{"start":{"line":15,"column":70},"end":{"line":15,"column":82}},{"start":{"line":15,"column":82},"end":{"line":15,"column":null}}],"line":15},"4":{"loc":{"start":{"line":17,"column":16},"end":{"line":17,"column":null}},"type":"cond-expr","locations":[{"start":{"line":17,"column":30},"end":{"line":17,"column":36}},{"start":{"line":17,"column":36},"end":{"line":17,"column":null}}],"line":17},"5":{"loc":{"start":{"line":17,"column":36},"end":{"line":17,"column":null}},"type":"cond-expr","locations":[{"start":{"line":17,"column":50},"end":{"line":17,"column":56}},{"start":{"line":17,"column":56},"end":{"line":17,"column":null}}],"line":17},"6":{"loc":{"start":{"line":17,"column":56},"end":{"line":17,"column":null}},"type":"cond-expr","locations":[{"start":{"line":17,"column":70},"end":{"line":17,"column":77}},{"start":{"line":17,"column":77},"end":{"line":17,"column":null}}],"line":17},"7":{"loc":{"start":{"line":55,"column":26},"end":{"line":55,"column":null}},"type":"cond-expr","locations":[{"start":{"line":55,"column":42},"end":{"line":55,"column":56}},{"start":{"line":55,"column":56},"end":{"line":55,"column":null}}],"line":55},"8":{"loc":{"start":{"line":67,"column":7},"end":{"line":68,"column":null}},"type":"binary-expr","locations":[{"start":{"line":67,"column":7},"end":{"line":67,"column":null}},{"start":{"line":68,"column":8},"end":{"line":68,"column":null}}],"line":67}},"s":{"0":0,"1":0,"2":0,"3":0,"4":0,"5":0},"f":{"0":0},"b":{"0":[0],"1":[0,0],"2":[0,0],"3":[0,0],"4":[0,0],"5":[0,0],"6":[0,0],"7":[0,0],"8":[0,0]},"meta":{"lastBranch":9,"lastFunction":1,"lastStatement":6,"seen":{"f:9:16:9:30":0,"b:9:46:9:51":0,"s:10:8:10:Infinity":0,"s:11:24:11:Infinity":1,"s:12:17:12:Infinity":2,"s:15:4:15:Infinity":3,"b:15:18:15:30:15:30:15:Infinity":1,"b:15:44:15:56:15:56:15:Infinity":2,"b:15:70:15:82:15:82:15:Infinity":3,"s:17:16:17:Infinity":4,"b:17:30:17:36:17:36:17:Infinity":4,"b:17:50:17:56:17:56:17:Infinity":5,"b:17:70:17:77:17:77:17:Infinity":6,"s:19:2:68:Infinity":5,"b:55:42:55:56:55:56:55:Infinity":7,"b:67:7:67:Infinity:68:8:68:Infinity":8}}}
,"D:\\Electionn\\src\\components\\TypingIndicator.tsx": {"path":"D:\\Electionn\\src\\components\\TypingIndicator.tsx","statementMap":{"0":{"start":{"line":8,"column":2},"end":{"line":23,"column":null}}},"fnMap":{"0":{"name":"TypingIndicator","decl":{"start":{"line":7,"column":16},"end":{"line":7,"column":32}},"loc":{"start":{"line":7,"column":81},"end":{"line":23,"column":null}},"line":7}},"branchMap":{"0":{"loc":{"start":{"line":7,"column":34},"end":{"line":7,"column":81}},"type":"default-arg","locations":[{"start":{"line":7,"column":42},"end":{"line":7,"column":81}}],"line":7}},"s":{"0":0},"f":{"0":0},"b":{"0":[0]},"meta":{"lastBranch":1,"lastFunction":1,"lastStatement":1,"seen":{"f:7:16:7:32":0,"b:7:42:7:81":0,"s:8:2:23:Infinity":0}}}
,"D:\\Electionn\\src\\data\\checklist.ts": {"path":"D:\\Electionn\\src\\data\\checklist.ts","statementMap":{"0":{"start":{"line":7,"column":47},"end":{"line":18,"column":null}}},"fnMap":{},"branchMap":{},"s":{"0":0},"f":{},"b":{},"meta":{"lastBranch":0,"lastFunction":0,"lastStatement":1,"seen":{"s:7:47:18:Infinity":0}}}
,"D:\\Electionn\\src\\data\\flows.ts": {"path":"D:\\Electionn\\src\\data\\flows.ts","statementMap":{"0":{"start":{"line":13,"column":39},"end":{"line":50,"column":null}}},"fnMap":{},"branchMap":{},"s":{"0":0},"f":{},"b":{},"meta":{"lastBranch":0,"lastFunction":0,"lastStatement":1,"seen":{"s:13:39:50:Infinity":0}}}
,"D:\\Electionn\\src\\data\\glossary.ts": {"path":"D:\\Electionn\\src\\data\\glossary.ts","statementMap":{"0":{"start":{"line":8,"column":40},"end":{"line":27,"column":null}}},"fnMap":{},"branchMap":{},"s":{"0":0},"f":{},"b":{},"meta":{"lastBranch":0,"lastFunction":0,"lastStatement":1,"seen":{"s:8:40:27:Infinity":0}}}
,"D:\\Electionn\\src\\data\\phases.ts": {"path":"D:\\Electionn\\src\\data\\phases.ts","statementMap":{"0":{"start":{"line":11,"column":31},"end":{"line":96,"column":null}}},"fnMap":{},"branchMap":{},"s":{"0":0},"f":{},"b":{},"meta":{"lastBranch":0,"lastFunction":0,"lastStatement":1,"seen":{"s:11:31:96:Infinity":0}}}
,"D:\\Electionn\\src\\hooks\\useAI.ts": {"path":"D:\\Electionn\\src\\hooks\\useAI.ts","statementMap":{"0":{"start":{"line":50,"column":16},"end":{"line":54,"column":null}},"1":{"start":{"line":55,"column":24},"end":{"line":55,"column":58}},"2":{"start":{"line":58,"column":8},"end":{"line":60,"column":null}},"3":{"start":{"line":62,"column":8},"end":{"line":115,"column":null}},"4":{"start":{"line":69,"column":12},"end":{"line":69,"column":45}},"5":{"start":{"line":70,"column":6},"end":{"line":72,"column":null}},"6":{"start":{"line":71,"column":8},"end":{"line":71,"column":null}},"7":{"start":{"line":71,"column":25},"end":{"line":71,"column":75}},"8":{"start":{"line":72,"column":8},"end":{"line":72,"column":null}},"9":{"start":{"line":76,"column":6},"end":{"line":83,"column":null}},"10":{"start":{"line":77,"column":8},"end":{"line":77,"column":null}},"11":{"start":{"line":78,"column":8},"end":{"line":81,"column":null}},"12":{"start":{"line":78,"column":25},"end":{"line":81,"column":10}},"13":{"start":{"line":82,"column":8},"end":{"line":82,"column":null}},"14":{"start":{"line":82,"column":25},"end":{"line":82,"column":48}},"15":{"start":{"line":83,"column":8},"end":{"line":83,"column":null}},"16":{"start":{"line":86,"column":6},"end":{"line":86,"column":null}},"17":{"start":{"line":88,"column":6},"end":{"line":112,"column":null}},"18":{"start":{"line":89,"column":25},"end":{"line":89,"column":70}},"19":{"start":{"line":92,"column":22},"end":{"line":92,"column":44}},"20":{"start":{"line":94,"column":10},"end":{"line":98,"column":null}},"21":{"start":{"line":101,"column":8},"end":{"line":101,"column":null}},"22":{"start":{"line":103,"column":8},"end":{"line":103,"column":null}},"23":{"start":{"line":104,"column":8},"end":{"line":104,"column":null}},"24":{"start":{"line":107,"column":10},"end":{"line":109,"column":null}},"25":{"start":{"line":111,"column":8},"end":{"line":111,"column":null}},"26":{"start":{"line":112,"column":8},"end":{"line":112,"column":null}},"27":{"start":{"line":118,"column":8},"end":{"line":121,"column":null}},"28":{"start":{"line":119,"column":4},"end":{"line":119,"column":null}},"29":{"start":{"line":119,"column":21},"end":{"line":119,"column":43}},"30":{"start":{"line":120,"column":4},"end":{"line":120,"column":null}},"31":{"start":{"line":123,"column":2},"end":{"line":128,"column":null}}},"fnMap":{"0":{"name":"useAI","decl":{"start":{"line":49,"column":16},"end":{"line":49,"column":32}},"loc":{"start":{"line":49,"column":32},"end":{"line":128,"column":null}},"line":49},"1":{"name":"(anonymous_1)","decl":{"start":{"line":63,"column":4},"end":{"line":63,"column":null}},"loc":{"start":{"line":67,"column":66},"end":{"line":115,"column":5}},"line":67},"2":{"name":"(anonymous_2)","decl":{"start":{"line":71,"column":8},"end":{"line":71,"column":18}},"loc":{"start":{"line":71,"column":25},"end":{"line":71,"column":75}},"line":71},"3":{"name":"(anonymous_3)","decl":{"start":{"line":78,"column":8},"end":{"line":78,"column":18}},"loc":{"start":{"line":78,"column":25},"end":{"line":81,"column":10}},"line":78},"4":{"name":"(anonymous_4)","decl":{"start":{"line":82,"column":8},"end":{"line":82,"column":25}},"loc":{"start":{"line":82,"column":25},"end":{"line":82,"column":48}},"line":82},"5":{"name":"(anonymous_5)","decl":{"start":{"line":118,"column":21},"end":{"line":118,"column":39}},"loc":{"start":{"line":118,"column":39},"end":{"line":121,"column":7}},"line":118},"6":{"name":"(anonymous_6)","decl":{"start":{"line":119,"column":4},"end":{"line":119,"column":14}},"loc":{"start":{"line":119,"column":21},"end":{"line":119,"column":43}},"line":119}},"branchMap":{"0":{"loc":{"start":{"line":66,"column":6},"end":{"line":66,"column":null}},"type":"default-arg","locations":[{"start":{"line":66,"column":22},"end":{"line":66,"column":null}}],"line":66},"1":{"loc":{"start":{"line":70,"column":6},"end":{"line":72,"column":null}},"type":"if","locations":[{"start":{"line":70,"column":6},"end":{"line":72,"column":null}},{"start":{},"end":{}}],"line":70},"2":{"loc":{"start":{"line":76,"column":6},"end":{"line":83,"column":null}},"type":"if","locations":[{"start":{"line":76,"column":6},"end":{"line":83,"column":null}},{"start":{},"end":{}}],"line":76},"3":{"loc":{"start":{"line":94,"column":10},"end":{"line":98,"column":null}},"type":"cond-expr","locations":[{"start":{"line":94,"column":39},"end":{"line":94,"column":null}},{"start":{"line":95,"column":10},"end":{"line":98,"column":null}}],"line":94},"4":{"loc":{"start":{"line":95,"column":10},"end":{"line":98,"column":null}},"type":"cond-expr","locations":[{"start":{"line":95,"column":63},"end":{"line":95,"column":null}},{"start":{"line":96,"column":10},"end":{"line":98,"column":null}}],"line":95},"5":{"loc":{"start":{"line":95,"column":10},"end":{"line":95,"column":60}},"type":"binary-expr","locations":[{"start":{"line":95,"column":10},"end":{"line":95,"column":33}},{"start":{"line":95,"column":37},"end":{"line":95,"column":60}}],"line":95},"6":{"loc":{"start":{"line":96,"column":10},"end":{"line":98,"column":null}},"type":"cond-expr","locations":[{"start":{"line":96,"column":63},"end":{"line":96,"column":null}},{"start":{"line":97,"column":10},"end":{"line":98,"column":null}}],"line":96},"7":{"loc":{"start":{"line":96,"column":10},"end":{"line":96,"column":60}},"type":"binary-expr","locations":[{"start":{"line":96,"column":10},"end":{"line":96,"column":36}},{"start":{"line":96,"column":40},"end":{"line":96,"column":60}}],"line":96},"8":{"loc":{"start":{"line":97,"column":10},"end":{"line":98,"column":null}},"type":"cond-expr","locations":[{"start":{"line":97,"column":63},"end":{"line":97,"column":null}},{"start":{"line":98,"column":10},"end":{"line":98,"column":null}}],"line":97},"9":{"loc":{"start":{"line":97,"column":10},"end":{"line":97,"column":60}},"type":"binary-expr","locations":[{"start":{"line":97,"column":10},"end":{"line":97,"column":31}},{"start":{"line":97,"column":35},"end":{"line":97,"column":60}}],"line":97},"10":{"loc":{"start":{"line":98,"column":10},"end":{"line":98,"column":null}},"type":"cond-expr","locations":[{"start":{"line":98,"column":61},"end":{"line":98,"column":70}},{"start":{"line":98,"column":70},"end":{"line":98,"column":null}}],"line":98},"11":{"loc":{"start":{"line":98,"column":10},"end":{"line":98,"column":58}},"type":"binary-expr","locations":[{"start":{"line":98,"column":10},"end":{"line":98,"column":32}},{"start":{"line":98,"column":36},"end":{"line":98,"column":58}}],"line":98},"12":{"loc":{"start":{"line":101,"column":28},"end":{"line":101,"column":54}},"type":"binary-expr","locations":[{"start":{"line":101,"column":28},"end":{"line":101,"column":48}},{"start":{"line":101,"column":48},"end":{"line":101,"column":54}}],"line":101},"13":{"loc":{"start":{"line":107,"column":10},"end":{"line":109,"column":null}},"type":"cond-expr","locations":[{"start":{"line":108,"column":14},"end":{"line":108,"column":null}},{"start":{"line":109,"column":14},"end":{"line":109,"column":null}}],"line":107},"14":{"loc":{"start":{"line":107,"column":10},"end":{"line":107,"column":null}},"type":"binary-expr","locations":[{"start":{"line":107,"column":10},"end":{"line":107,"column":34}},{"start":{"line":107,"column":34},"end":{"line":107,"column":null}}],"line":107}},"s":{"0":8,"1":8,"2":8,"3":8,"4":3,"5":3,"6":2,"7":2,"8":2,"9":1,"10":0,"11":0,"12":0,"13":0,"14":0,"15":0,"16":1,"17":1,"18":1,"19":1,"20":1,"21":3,"22":3,"23":3,"24":0,"25":0,"26":0,"27":8,"28":1,"29":1,"30":1,"31":8},"f":{"0":8,"1":3,"2":2,"3":0,"4":0,"5":1,"6":1},"b":{"0":[3],"1":[2,1],"2":[0,1],"3":[1,0],"4":[0,0],"5":[0,0],"6":[0,0],"7":[0,0],"8":[0,0],"9":[0,0],"10":[0,0],"11":[0,0],"12":[3,0],"13":[0,0],"14":[0,0]},"meta":{"lastBranch":15,"lastFunction":7,"lastStatement":32,"seen":{"f:49:16:49:32":0,"s:50:16:54:Infinity":0,"s:55:24:55:58":1,"s:58:8:60:Infinity":2,"s:62:8:115:Infinity":3,"f:63:4:63:Infinity":1,"b:66:22:66:Infinity":0,"s:69:12:69:45":4,"b:70:6:72:Infinity:undefined:undefined:undefined:undefined":1,"s:70:6:72:Infinity":5,"s:71:8:71:Infinity":6,"f:71:8:71:18":2,"s:71:25:71:75":7,"s:72:8:72:Infinity":8,"b:76:6:83:Infinity:undefined:undefined:undefined:undefined":2,"s:76:6:83:Infinity":9,"s:77:8:77:Infinity":10,"s:78:8:81:Infinity":11,"f:78:8:78:18":3,"s:78:25:81:10":12,"s:82:8:82:Infinity":13,"f:82:8:82:25":4,"s:82:25:82:48":14,"s:83:8:83:Infinity":15,"s:86:6:86:Infinity":16,"s:88:6:112:Infinity":17,"s:89:25:89:70":18,"s:92:22:92:44":19,"s:94:10:98:Infinity":20,"b:94:39:94:Infinity:95:10:98:Infinity":3,"b:95:63:95:Infinity:96:10:98:Infinity":4,"b:95:10:95:33:95:37:95:60":5,"b:96:63:96:Infinity:97:10:98:Infinity":6,"b:96:10:96:36:96:40:96:60":7,"b:97:63:97:Infinity:98:10:98:Infinity":8,"b:97:10:97:31:97:35:97:60":9,"b:98:61:98:70:98:70:98:Infinity":10,"b:98:10:98:32:98:36:98:58":11,"s:101:8:101:Infinity":21,"b:101:28:101:48:101:48:101:54":12,"s:103:8:103:Infinity":22,"s:104:8:104:Infinity":23,"s:107:10:109:Infinity":24,"b:108:14:108:Infinity:109:14:109:Infinity":13,"b:107:10:107:34:107:34:107:Infinity":14,"s:111:8:111:Infinity":25,"s:112:8:112:Infinity":26,"s:118:8:121:Infinity":27,"f:118:21:118:39":5,"s:119:4:119:Infinity":28,"f:119:4:119:14":6,"s:119:21:119:43":29,"s:120:4:120:Infinity":30,"s:123:2:128:Infinity":31}}}
,"D:\\Electionn\\src\\hooks\\useAnalytics.ts": {"path":"D:\\Electionn\\src\\hooks\\useAnalytics.ts","statementMap":{"0":{"start":{"line":32,"column":8},"end":{"line":47,"column":8}},"1":{"start":{"line":34,"column":4},"end":{"line":34,"column":null}},"2":{"start":{"line":37,"column":4},"end":{"line":45,"column":null}},"3":{"start":{"line":38,"column":8},"end":{"line":45,"column":null}},"4":{"start":{"line":49,"column":8},"end":{"line":57,"column":null}},"5":{"start":{"line":51,"column":6},"end":{"line":51,"column":null}},"6":{"start":{"line":53,"column":6},"end":{"line":54,"column":null}},"7":{"start":{"line":54,"column":10},"end":{"line":54,"column":null}},"8":{"start":{"line":60,"column":8},"end":{"line":65,"column":18}},"9":{"start":{"line":61,"column":4},"end":{"line":64,"column":null}},"10":{"start":{"line":67,"column":8},"end":{"line":69,"column":18}},"11":{"start":{"line":68,"column":4},"end":{"line":68,"column":null}},"12":{"start":{"line":71,"column":2},"end":{"line":71,"column":null}}},"fnMap":{"0":{"name":"useAnalytics","decl":{"start":{"line":31,"column":16},"end":{"line":31,"column":46}},"loc":{"start":{"line":31,"column":46},"end":{"line":71,"column":null}},"line":31},"1":{"name":"(anonymous_1)","decl":{"start":{"line":32,"column":22},"end":{"line":32,"column":35}},"loc":{"start":{"line":32,"column":64},"end":{"line":47,"column":7}},"line":32},"2":{"name":"(anonymous_2)","decl":{"start":{"line":49,"column":21},"end":{"line":49,"column":null}},"loc":{"start":{"line":50,"column":81},"end":{"line":57,"column":6}},"line":50},"3":{"name":"(anonymous_3)","decl":{"start":{"line":60,"column":22},"end":{"line":60,"column":35}},"loc":{"start":{"line":60,"column":77},"end":{"line":65,"column":6}},"line":60},"4":{"name":"(anonymous_4)","decl":{"start":{"line":67,"column":23},"end":{"line":67,"column":36}},"loc":{"start":{"line":67,"column":62},"end":{"line":69,"column":6}},"line":67}},"branchMap":{"0":{"loc":{"start":{"line":37,"column":4},"end":{"line":45,"column":null}},"type":"if","locations":[{"start":{"line":37,"column":4},"end":{"line":45,"column":null}},{"start":{},"end":{}}],"line":37},"1":{"loc":{"start":{"line":37,"column":8},"end":{"line":37,"column":59}},"type":"binary-expr","locations":[{"start":{"line":37,"column":8},"end":{"line":37,"column":41}},{"start":{"line":37,"column":41},"end":{"line":37,"column":59}}],"line":37},"2":{"loc":{"start":{"line":53,"column":6},"end":{"line":54,"column":null}},"type":"if","locations":[{"start":{"line":53,"column":6},"end":{"line":54,"column":null}},{"start":{},"end":{}}],"line":53},"3":{"loc":{"start":{"line":53,"column":10},"end":{"line":53,"column":61}},"type":"binary-expr","locations":[{"start":{"line":53,"column":10},"end":{"line":53,"column":43}},{"start":{"line":53,"column":43},"end":{"line":53,"column":61}}],"line":53}},"s":{"0":6,"1":2,"2":2,"3":1,"4":6,"5":3,"6":3,"7":3,"8":6,"9":1,"10":6,"11":1,"12":6},"f":{"0":6,"1":2,"2":3,"3":1,"4":1},"b":{"0":[1,1],"1":[2,2],"2":[3,0],"3":[3,3]},"meta":{"lastBranch":4,"lastFunction":5,"lastStatement":13,"seen":{"f:31:16:31:46":0,"s:32:8:47:8":0,"f:32:22:32:35":1,"s:34:4:34:Infinity":1,"b:37:4:45:Infinity:undefined:undefined:undefined:undefined":0,"s:37:4:45:Infinity":2,"b:37:8:37:41:37:41:37:59":1,"s:38:8:45:Infinity":3,"s:49:8:57:Infinity":4,"f:49:21:49:Infinity":2,"s:51:6:51:Infinity":5,"b:53:6:54:Infinity:undefined:undefined:undefined:undefined":2,"s:53:6:54:Infinity":6,"b:53:10:53:43:53:43:53:61":3,"s:54:10:54:Infinity":7,"s:60:8:65:18":8,"f:60:22:60:35":3,"s:61:4:64:Infinity":9,"s:67:8:69:18":10,"f:67:23:67:36":4,"s:68:4:68:Infinity":11,"s:71:2:71:Infinity":12}}}
,"D:\\Electionn\\src\\pages\\AccessibilityScreen.tsx": {"path":"D:\\Electionn\\src\\pages\\AccessibilityScreen.tsx","statementMap":{"0":{"start":{"line":7,"column":10},"end":{"line":7,"column":31}},"1":{"start":{"line":8,"column":20},"end":{"line":8,"column":51}},"2":{"start":{"line":10,"column":8},"end":{"line":11,"column":null}},"3":{"start":{"line":11,"column":4},"end":{"line":11,"column":null}},"4":{"start":{"line":14,"column":2},"end":{"line":71,"column":null}},"5":{"start":{"line":54,"column":16},"end":{"line":62,"column":null}}},"fnMap":{"0":{"name":"AccessibilityScreen","decl":{"start":{"line":6,"column":16},"end":{"line":6,"column":38}},"loc":{"start":{"line":6,"column":38},"end":{"line":71,"column":null}},"line":6},"1":{"name":"(anonymous_1)","decl":{"start":{"line":10,"column":8},"end":{"line":10,"column":30}},"loc":{"start":{"line":10,"column":30},"end":{"line":11,"column":null}},"line":10},"2":{"name":"(anonymous_2)","decl":{"start":{"line":53,"column":16},"end":{"line":53,"column":21}},"loc":{"start":{"line":54,"column":16},"end":{"line":62,"column":null}},"line":54}},"branchMap":{"0":{"loc":{"start":{"line":28,"column":9},"end":{"line":68,"column":null}},"type":"cond-expr","locations":[{"start":{"line":29,"column":10},"end":{"line":40,"column":11}},{"start":{"line":40,"column":10},"end":{"line":68,"column":null}}],"line":28}},"s":{"0":0,"1":0,"2":0,"3":0,"4":0,"5":0},"f":{"0":0,"1":0,"2":0},"b":{"0":[0,0]},"meta":{"lastBranch":1,"lastFunction":3,"lastStatement":6,"seen":{"f:6:16:6:38":0,"s:7:10:7:31":0,"s:8:20:8:51":1,"s:10:8:11:Infinity":2,"f:10:8:10:30":1,"s:11:4:11:Infinity":3,"s:14:2:71:Infinity":4,"b:29:10:40:11:40:10:68:Infinity":0,"f:53:16:53:21":2,"s:54:16:62:Infinity":5}}}
,"D:\\Electionn\\src\\pages\\AuthScreen.tsx": {"path":"D:\\Electionn\\src\\pages\\AuthScreen.tsx","statementMap":{"0":{"start":{"line":7,"column":27},"end":{"line":7,"column":46}},"1":{"start":{"line":8,"column":15},"end":{"line":8,"column":60}},"2":{"start":{"line":9,"column":16},"end":{"line":9,"column":35}},"3":{"start":{"line":10,"column":14},"end":{"line":10,"column":36}},"4":{"start":{"line":11,"column":18},"end":{"line":11,"column":47}},"5":{"start":{"line":13,"column":8},"end":{"line":19,"column":null}},"6":{"start":{"line":14,"column":4},"end":{"line":14,"column":null}},"7":{"start":{"line":14,"column":27},"end":{"line":14,"column":null}},"8":{"start":{"line":15,"column":4},"end":{"line":15,"column":null}},"9":{"start":{"line":16,"column":4},"end":{"line":19,"column":null}},"10":{"start":{"line":17,"column":6},"end":{"line":17,"column":null}},"11":{"start":{"line":18,"column":6},"end":{"line":18,"column":null}},"12":{"start":{"line":22,"column":8},"end":{"line":29,"column":null}},"13":{"start":{"line":23,"column":4},"end":{"line":23,"column":null}},"14":{"start":{"line":23,"column":24},"end":{"line":23,"column":null}},"15":{"start":{"line":24,"column":4},"end":{"line":24,"column":null}},"16":{"start":{"line":25,"column":4},"end":{"line":29,"column":null}},"17":{"start":{"line":26,"column":6},"end":{"line":26,"column":null}},"18":{"start":{"line":27,"column":6},"end":{"line":27,"column":null}},"19":{"start":{"line":28,"column":6},"end":{"line":28,"column":null}},"20":{"start":{"line":32,"column":2},"end":{"line":157,"column":null}},"21":{"start":{"line":72,"column":39},"end":{"line":72,"column":77}},"22":{"start":{"line":117,"column":39},"end":{"line":117,"column":80}},"23":{"start":{"line":143,"column":33},"end":{"line":143,"column":49}}},"fnMap":{"0":{"name":"AuthScreen","decl":{"start":{"line":6,"column":16},"end":{"line":6,"column":29}},"loc":{"start":{"line":6,"column":29},"end":{"line":157,"column":null}},"line":6},"1":{"name":"(anonymous_1)","decl":{"start":{"line":13,"column":8},"end":{"line":13,"column":30}},"loc":{"start":{"line":13,"column":30},"end":{"line":19,"column":null}},"line":13},"2":{"name":"(anonymous_2)","decl":{"start":{"line":16,"column":4},"end":{"line":16,"column":21}},"loc":{"start":{"line":16,"column":21},"end":{"line":19,"column":12}},"line":16},"3":{"name":"(anonymous_3)","decl":{"start":{"line":22,"column":8},"end":{"line":22,"column":32}},"loc":{"start":{"line":22,"column":32},"end":{"line":29,"column":null}},"line":22},"4":{"name":"(anonymous_4)","decl":{"start":{"line":25,"column":4},"end":{"line":25,"column":21}},"loc":{"start":{"line":25,"column":21},"end":{"line":29,"column":12}},"line":25},"5":{"name":"(anonymous_5)","decl":{"start":{"line":72,"column":22},"end":{"line":72,"column":33}},"loc":{"start":{"line":72,"column":39},"end":{"line":72,"column":77}},"line":72},"6":{"name":"(anonymous_6)","decl":{"start":{"line":117,"column":22},"end":{"line"
[...]
{"line":289,"column":25},"end":{"line":289,"column":46}},"line":289},"37":{"name":"(anonymous_37)","decl":{"start":{"line":293,"column":6},"end":{"line":293,"column":25}},"loc":{"start":{"line":293,"column":31},"end":{"line":293,"column":56}},"line":293},"38":{"name":"(anonymous_38)","decl":{"start":{"line":297,"column":6},"end":{"line":297,"column":27}},"loc":{"start":{"line":297,"column":33},"end":{"line":297,"column":null}},"line":297},"39":{"name":"(anonymous_39)","decl":{"start":{"line":301,"column":6},"end":{"line":301,"column":21}},"loc":{"start":{"line":301,"column":42},"end":{"line":306,"column":null}},"line":301}},"branchMap":{"0":{"loc":{"start":{"line":105,"column":2},"end":{"line":114,"column":null}},"type":"if","locations":[{"start":{"line":105,"column":2},"end":{"line":114,"column":null}},{"start":{},"end":{}}],"line":105},"1":{"loc":{"start":{"line":116,"column":2},"end":{"line":125,"column":null}},"type":"if","locations":[{"start":{"line":116,"column":2},"end":{"line":125,"column":null}},{"start":{},"end":{}}],"line":116},"2":{"loc":{"start":{"line":127,"column":2},"end":{"line":136,"column":null}},"type":"if","locations":[{"start":{"line":127,"column":2},"end":{"line":136,"column":null}},{"start":{},"end":{}}],"line":127},"3":{"loc":{"start":{"line":140,"column":13},"end":{"line":142,"column":null}},"type":"cond-expr","locations":[{"start":{"line":141,"column":8},"end":{"line":141,"column":null}},{"start":{"line":142,"column":8},"end":{"line":142,"column":null}}],"line":140},"4":{"loc":{"start":{"line":156,"column":2},"end":{"line":182,"column":null}},"type":"if","locations":[{"start":{"line":156,"column":2},"end":{"line":182,"column":null}},{"start":{"line":165,"column":13},"end":{"line":182,"column":null}}],"line":156},"5":{"loc":{"start":{"line":165,"column":13},"end":{"line":182,"column":null}},"type":"if","locations":[{"start":{"line":165,"column":13},"end":{"line":182,"column":null}},{"start":{"line":174,"column":13},"end":{"line":182,"column":null}}],"line":165},"6":{"loc":{"start":{"line":174,"column":13},"end":{"line":182,"column":null}},"type":"if","locations":[{"start":{"line":174,"column":13},"end":{"line":182,"column":null}},{"start":{},"end":{}}],"line":174},"7":{"loc":{"start":{"line":178,"column":54},"end":{"line":178,"column":null}},"type":"cond-expr","locations":[{"start":{"line":178,"column":67},"end":{"line":178,"column":89}},{"start":{"line":178,"column":89},"end":{"line":178,"column":null}}],"line":178},"8":{"loc":{"start":{"line":200,"column":27},"end":{"line":200,"column":null}},"type":"binary-expr","locations":[{"start":{"line":200,"column":27},"end":{"line":200,"column":35}},{"start":{"line":200,"column":35},"end":{"line":200,"column":null}}],"line":200},"9":{"loc":{"start":{"line":212,"column":10},"end":{"line":214,"column":null}},"type":"if","locations":[{"start":{"line":212,"column":10},"end":{"line":214,"column":null}},{"start":{},"end":{}}],"line":212},"10":{"loc":{"start":{"line":214,"column":44},"end":{"line":214,"column":null}},"type":"binary-expr","locations":[{"start":{"line":214,"column":44},"end":{"line":214,"column":73}},{"start":{"line":214,"column":73},"end":{"line":214,"column":null}}],"line":214},"11":{"loc":{"start":{"line":220,"column":10},"end":{"line":220,"column":null}},"type":"if","locations":[{"start":{"line":220,"column":10},"end":{"line":220,"column":null}},{"start":{},"end":{}}],"line":220},"12":{"loc":{"start":{"line":224,"column":38},"end":{"line":224,"column":null}},"type":"cond-expr","locations":[{"start":{"line":224,"column":63},"end":{"line":224,"column":80}},{"start":{"line":224,"column":80},"end":{"line":224,"column":null}}],"line":224},"13":{"loc":{"start":{"line":303,"column":18},"end":{"line":303,"column":46}},"type":"binary-expr","locations":[{"start":{"line":303,"column":18},"end":{"line":303,"column":40}},{"start":{"line":303,"column":44},"end":{"line":303,"column":46}}],"line":303},"14":{"loc":{"start":{"line":304,"column":23},"end":{"line":304,"column":44}},"type":"binary-expr","locations":[{"start":{"line":304,"column":23},"end":{"line":304,"column":42}},{"start":{"line":304,"column":42},"end":{"line":304,"column":44}}],"line":304},"15":{"loc":{"start":{"line":305,"column":24},"end":{"line":305,"column":null}},"type":"binary-expr","locations":[{"start":{"line":305,"column":24},"end":{"line":305,"column":44}},{"start":{"line":305,"column":44},"end":{"line":305,"column":null}}],"line":305}},"s":{"0":1,"1":1,"2":0,"3":0,"4":0,"5":0,"6":0,"7":0,"8":0,"9":0,"10":0,"11":0,"12":0,"13":1,"14":1,"15":1,"16":1,"17":0,"18":1,"19":0,"20":1,"21":0,"22":1,"23":1,"24":1,"25":0,"26":0,"27":0,"28":0,"29":0,"30":0,"31":0,"32":0,"33":0,"34":0,"35":0,"36":0,"37":0,"38":0,"39":0,"40":0,"41":0,"42":0,"43":0,"44":0,"45":0,"46":0,"47":0,"48":0,"49":0,"50":0,"51":0,"52":0,"53":0,"54":0,"55":0,"56":0,"57":0,"58":0,"59":0,"60":0,"61":0,"62":0,"63":0,"64":0,"65":0,"66":0,"67":0,"68":0,"69":0,"70":0,"71":0,"72":0,"73":0,"74":0,"75":0,"76":1,"77":0,"78":0,"79":0},"f":{"0":0,"1":0,"2":1,"3":1,"4":0,"5":0,"6":0,"7":0,"8":0,"9":0,"10":0,"11":0,"12":0,"13":0,"14":0,"15":0,"16":0,"17":0,"18":0,"19":0,"20":0,"21":0,"22":0,"23":0,"24":0,"25":0,"26":0,"27":0,"28":0,"29":0,"30":0,"31":0,"32":0,"33":0,"34":0,"35":0,"36":1,"37":0,"38":0,"39":0},"b":{"0":[0,0],"1":[0,0],"2":[0,0],"3":[0,0],"4":[0,1],"5":[0,1],"6":[0,1],"7":[0,0],"8":[0,0],"9":[0,0],"10":[0,0],"11":[0,0],"12":[0,0],"13":[0,0],"14":[0,0],"15":[0,0]},"meta":{"lastBranch":16,"lastFunction":40,"lastStatement":80,"seen":{"s:15:37:31:Infinity":0,"s:34:20:34:42":1,"f:93:9:93:23":0,"s:94:17:99:Infinity":2,"s:100:2:100:Infinity":3,"f:103:9:103:30":1,"s:104:33:104:35":4,"b:105:2:114:Infinity:undefined:undefined:undefined:undefined":0,"s:105:2:114:Infinity":5,"s:106:4:114:Infinity":6,"b:116:2:125:Infinity:undefined:undefined:undefined:undefined":1,"s:116:2:125:Infinity":7,"s:117:4:125:Infinity":8,"b:127:2:136:Infinity:undefined:undefined:undefined:undefined":2,"s:127:2:136:Infinity":9,"s:128:4:136:Infinity":10,"s:138:2:148:Infinity":11,"b:141:8:141:Infinity:142:8:142:Infinity":3,"s:149:2:149:Infinity":12,"f:152:9:152:35":2,"s:153:29:153:31":13,"s:154:14:154:24":14,"s:155:15:155:89":15,"b:156:2:182:Infinity:165:13:182:Infinity":4,"s:156:2:182:Infinity":16,"s:157:4:164:Infinity":17,"b:165:13:182:Infinity:174:13:182:Infinity":5,"s:165:13:182:Infinity":18,"s:166:4:173:Infinity":19,"b:174:13:182:Infinity:undefined:undefined:undefined:undefined":6,"s:174:13:182:Infinity":20,"s:175:4:182:Infinity":21,"b:178:67:178:89:178:89:178:Infinity":7,"s:184:2:184:Infinity":22,"s:187:13:308:Infinity":23,"f:188:2:188:Infinity":3,"s:189:19:298:Infinity":24,"f:193:6:193:17":4,"s:194:8:194:101":25,"f:194:8:194:13":5,"s:194:20:194:101":26,"f:195:6:195:Infinity":6,"s:196:8:203:Infinity":27,"f:196:8:196:13":7,"s:197:29:197:49":28,"s:198:23:198:39":29,"s:199:10:202:Infinity":30,"b:200:27:200:35:200:35:200:Infinity":8,"f:207:6:207:19":8,"s:208:8:217:Infinity":31,"f:208:8:208:13":9,"s:209:23:209:Infinity":32,"s:210:10:210:Infinity":33,"b:212:10:214:Infinity:undefined:undefined:undefined:undefined":9,"s:212:10:214:Infinity":34,"s:213:52:213:Infinity":35,"s:214:12:214:Infinity":36,"b:214:44:214:73:214:73:214:Infinity":10,"s:216:10:216:Infinity":37,"f:218:6:218:21":10,"s:219:8:228:Infinity":38,"f:219:8:219:13":11,"b:220:10:220:Infinity:undefined:undefined:undefined:undefined":11,"s:220:10:220:Infinity":39,"s:220:52:220:Infinity":40,"s:221:33:221:65":41,"s:222:34:222:Infinity":42,"s:223:26:223:Infinity":43,"s:224:38:224:Infinity":44,"b:224:63:224:80:224:80:224:Infinity":12,"s:225:23:225:Infinity":45,"s:226:10:226:Infinity":46,"s:227:10:227:Infinity":47,"f:229:6:229:23":12,"s:229:23:229:86":48,"f:230:6:230:14":13,"s:230:24:230:104":49,"f:230:24:230:29":14,"s:230:36:230:102":50,"f:231:6:231:20":15,"s:231:20:231:121":51,"f:231:20:231:25":16,"s:231:32:231:121":52,"f:236:6:236:19":17,"s:236:27:236:75":53,"f:236:27:236:32":18,"s:236:39:236:73":54,"f:237:6:237:20":19,"s:237:26:237:48":55,"f:238:6:238:23":20,"s:238:23:238:44":56,"f:242:6:242:26":21,"s:242:32:242:58":57,"f:243:6:243:30":22,"s:244:8:248:Infinity":58,"f:244:8:244:13":23,"s:244:20:248:11":59,"s:249:8:249:Infinity":60,"f:254:6:254:24":24,"s:254:30:254:86":61,"f:254:30:254:35":25,"s:254:42:254:84":62,"f:255:6:255:27":26,"s:256:8:256:83":63,"f:256:8:256:13":27,"s:256:20:256:81":64,"f:256:53:256:61":28,"s:256:67:256:79":65,"f:260:6:260:30":29,"s:261:8:261:87":66,"f:261:8:261:13":30,"s:261:20:261:85":67,"f:261:57:261:65":31,"s:261:71:261:83":68,"f:265:6:265:21":32,"s:266:8:266:69":69,"f:266:8:266:13":33,"s:266:20:266:67":70,"f:266:39:266:47":34,"s:266:53:266:65":71,"f:269:6:269:24":35,"s:270:25:270:30":72,"s:271:20:271:30":73,"s:272:21:272:95":74,"s:273:8:284:Infinity":75,"f:289:6:289:19":36,"s:289:25:289:46":76,"f:293:6:293:25":37,"s:293:31:293:56":77,"f:297:6:297:27":38,"s:297:33:297:Infinity":78,"f:301:6:301:21":39,"s:301:42:306:Infinity":79,"b:303:18:303:40:303:44:303:46":13,"b:304:23:304:42:304:42:304:44":14,"b:305:24:305:44:305:44:305:Infinity":15}}}
,"D:\\Electionn\\src\\utils\\constants.ts": {"path":"D:\\Electionn\\src\\utils\\constants.ts","statementMap":{"0":{"start":{"line":11,"column":27},"end":{"line":11,"column":null}},"1":{"start":{"line":14,"column":24},"end":{"line":14,"column":null}},"2":{"start":{"line":17,"column":23},"end":{"line":17,"column":null}},"3":{"start":{"line":20,"column":30},"end":{"line":20,"column":null}},"4":{"start":{"line":23,"column":28},"end":{"line":23,"column":null}},"5":{"start":{"line":28,"column":41},"end":{"line":28,"column":null}},"6":{"start":{"line":31,"column":41},"end":{"line":31,"column":null}},"7":{"start":{"line":34,"column":38},"end":{"line":34,"column":null}},"8":{"start":{"line":37,"column":35},"end":{"line":37,"column":null}},"9":{"start":{"line":40,"column":35},"end":{"line":40,"column":null}},"10":{"start":{"line":45,"column":33},"end":{"line":45,"column":null}},"11":{"start":{"line":48,"column":29},"end":{"line":48,"column":null}},"12":{"start":{"line":51,"column":40},"end":{"line":51,"column":null}},"13":{"start":{"line":54,"column":38},"end":{"line":54,"column":null}},"14":{"start":{"line":57,"column":38},"end":{"line":57,"column":null}},"15":{"start":{"line":60,"column":34},"end":{"line":60,"column":null}},"16":{"start":{"line":65,"column":29},"end":{"line":65,"column":null}},"17":{"start":{"line":68,"column":36},"end":{"line":68,"column":null}},"18":{"start":{"line":71,"column":35},"end":{"line":71,"column":null}},"19":{"start":{"line":74,"column":41},"end":{"line":74,"column":null}},"20":{"start":{"line":79,"column":34},"end":{"line":79,"column":null}},"21":{"start":{"line":82,"column":34},"end":{"line":82,"column":null}},"22":{"start":{"line":85,"column":31},"end":{"line":85,"column":null}},"23":{"start":{"line":88,"column":32},"end":{"line":88,"column":null}},"24":{"start":{"line":91,"column":34},"end":{"line":91,"column":null}},"25":{"start":{"line":96,"column":35},"end":{"line":96,"column":null}},"26":{"start":{"line":99,"column":55},"end":{"line":103,"column":null}},"27":{"start":{"line":108,"column":48},"end":{"line":115,"column":null}},"28":{"start":{"line":120,"column":25},"end":{"line":120,"column":null}},"29":{"start":{"line":123,"column":37},"end":{"line":123,"column":null}}},"fnMap":{},"branchMap":{},"s":{"0":3,"1":3,"2":3,"3":3,"4":3,"5":3,"6":3,"7":3,"8":3,"9":3,"10":3,"11":3,"12":3,"13":3,"14":3,"15":3,"16":3,"17":3,"18":3,"19":3,"20":3,"21":3,"22":3,"23":3,"24":3,"25":3,"26":3,"27":3,"28":3,"29":3},"f":{},"b":{},"meta":{"lastBranch":0,"lastFunction":0,"lastStatement":30,"seen":{"s:11:27:11:Infinity":0,"s:14:24:14:Infinity":1,"s:17:23:17:Infinity":2,"s:20:30:20:Infinity":3,"s:23:28:23:Infinity":4,"s:28:41:28:Infinity":5,"s:31:41:31:Infinity":6,"s:34:38:34:Infinity":7,"s:37:35:37:Infinity":8,"s:40:35:40:Infinity":9,"s:45:33:45:Infinity":10,"s:48:29:48:Infinity":11,"s:51:40:51:Infinity":12,"s:54:38:54:Infinity":13,"s:57:38:57:Infinity":14,"s:60:34:60:Infinity":15,"s:65:29:65:Infinity":16,"s:68:36:68:Infinity":17,"s:71:35:71:Infinity":18,"s:74:41:74:Infinity":19,"s:79:34:79:Infinity":20,"s:82:34:82:Infinity":21,"s:85:31:85:Infinity":22,"s:88:32:88:Infinity":23,"s:91:34:91:Infinity":24,"s:96:35:96:Infinity":25,"s:99:55:103:Infinity":26,"s:108:48:115:Infinity":27,"s:120:25:120:Infinity":28,"s:123:37:123:Infinity":29}}}
,"D:\\Electionn\\src\\utils\\sanitize.ts": {"path":"D:\\Electionn\\src\\utils\\sanitize.ts","statementMap":{"0":{"start":{"line":9,"column":32},"end":{"line":9,"column":null}},"1":{"start":{"line":12,"column":31},"end":{"line":12,"column":null}},"2":{"start":{"line":15,"column":31},"end":{"line":15,"column":null}},"3":{"start":{"line":28,"column":2},"end":{"line":28,"column":null}},"4":{"start":{"line":28,"column":33},"end":{"line":28,"column":null}},"5":{"start":{"line":29,"column":2},"end":{"line":34,"column":null}},"6":{"start":{"line":45,"column":2},"end":{"line":45,"column":null}},"7":{"start":{"line":45,"column":32},"end":{"line":45,"column":null}},"8":{"start":{"line":46,"column":18},"end":{"line":46,"column":54}},"9":{"start":{"line":48,"column":2},"end":{"line":48,"column":null}},"10":{"start":{"line":59,"column":18},"end":{"line":59,"column":46}},"11":{"start":{"line":61,"column":2},"end":{"line":61,"column":null}},"12":{"start":{"line":71,"column":2},"end":{"line":75,"column":null}},"13":{"start":{"line":72,"column":19},"end":{"line":72,"column":30}},"14":{"start":{"line":73,"column":4},"end":{"line":73,"column":null}},"15":{"start":{"line":75,"column":4},"end":{"line":75,"column":null}},"16":{"start":{"line":87,"column":2},"end":{"line":87,"column":null}},"17":{"start":{"line":87,"column":34},"end":{"line":87,"column":null}},"18":{"start":{"line":88,"column":2},"end":{"line":88,"column":null}},"19":{"start":{"line":100,"column":26},"end":{"line":100,"column":27}},"20":{"start":{"line":101,"column":2},"end":{"line":109,"column":null}},"21":{"start":{"line":102,"column":16},"end":{"line":102,"column":25}},"22":{"start":{"line":104,"column":4},"end":{"line":105,"column":null}},"23":{"start":{"line":105,"column":6},"end":{"line":105,"column":null}},"24":{"start":{"line":107,"column":4},"end":{"line":107,"column":null}},"25":{"start":{"line":107,"column":34},"end":{"line":107,"column":null}},"26":{"start":{"line":108,"column":4},"end":{"line":108,"column":null}},"27":{"start":{"line":109,"column":4},"end":{"line":109,"column":null}},"28":{"start":{"line":118,"column":23},"end":{"line":119,"column":null}},"29":{"start":{"line":121,"column":22},"end":{"line":122,"column":null}},"30":{"start":{"line":122,"column":13},"end":{"line":122,"column":null}},"31":{"start":{"line":124,"column":2},"end":{"line":128,"column":null}},"32":{"start":{"line":125,"column":4},"end":{"line":128,"column":null}}},"fnMap":{"0":{"name":"sanitizeInput","decl":{"start":{"line":27,"column":16},"end":{"line":27,"column":30}},"loc":{"start":{"line":27,"column":83},"end":{"line":34,"column":null}},"line":27},"1":{"name":"sanitizeName","decl":{"start":{"line":44,"column":16},"end":{"line":44,"column":29}},"loc":{"start":{"line":44,"column":51},"end":{"line":48,"column":null}},"line":44},"2":{"name":"isValidIndianPhone","decl":{"start":{"line":58,"column":16},"end":{"line":58,"column":35}},"loc":{"start":{"line":58,"column":59},"end":{"line":61,"column":null}},"line":58},"3":{"name":"isSafeUrl","decl":{"start":{"line":70,"column":16},"end":{"line":70,"column":26}},"loc":{"start":{"line":70,"column":48},"end":{"line":75,"column":null}},"line":70},"4":{"name":"maskPhone","decl":{"start":{"line":86,"column":16},"end":{"line":86,"column":26}},"loc":{"start":{"line":86,"column":49},"end":{"line":88,"column":null}},"line":86},"5":{"name":"createRateLimiter","decl":{"start":{"line":99,"column":16},"end":{"line":99,"column":34}},"loc":{"start":{"line":99,"column":70},"end":{"line":109,"column":null}},"line":99},"6":{"name":"(anonymous_6)","decl":{"start":{"line":101,"column":2},"end":{"line":101,"column":24}},"loc":{"start":{"line":101,"column":24},"end":{"line":109,"column":null}},"line":101},"7":{"name":"validateEnvironment","decl":{"start":{"line":117,"column":16},"end":{"line":117,"column":44}},"loc":{"start":{"line":117,"column":44},"end":{"line":128,"column":null}},"line":117},"8":{"name":"(anonymous_8)","decl":{"start":{"line":121,"column":35},"end":{"line":121,"column":null}},"loc":{"start":{"line":122,"column":13},"end":{"line":122,"column":null}},"line":122}},"branchMap":{"0":{"loc":{"start":{"line":27,"column":45},"end":{"line":27,"column":83}},"type":"default-arg","locations":[{"start":{"line":27,"column":57},"end":{"line":27,"column":83}}],"line":27},"1":{"loc":{"start":{"line":28,"column":2},"end":{"line":28,"column":null}},"type":"if","locations":[{"start":{"line":28,"column":2},"end":{"line":28,"column":null}},{"start":{},"end":{}}],"line":28},"2":{"loc":{"start":{"line":45,"column":2},"end":{"line":45,"column":null}},"type":"if","locations":[{"start":{"line":45,"column":2},"end":{"line":45,"column":null}},{"start":{},"end":{}}],"line":45},"3":{"loc":{"start":{"line":87,"column":2},"end":{"line":87,"column":null}},"type":"if","locations":[{"start":{"line":87,"column":2},"end":{"line":87,"column":null}},{"start":{},"end":{}}],"line":87},"4":{"loc":{"start":{"line":87,"column":6},"end":{"line":87,"column":34}},"type":"binary-expr","locations":[{"start":{"line":87,"column":6},"end":{"line":87,"column":16}},{"start":{"line":87,"column":16},"end":{"line":87,"column":34}}],"line":87},"5":{"loc":{"start":{"line":104,"column":11},"end":{"line":104,"column":58}},"type":"binary-expr","locations":[{"start":{"line":104,"column":11},"end":{"line":104,"column":31}},{"start":{"line":104,"column":31},"end":{"line":104,"column":58}}],"line":104},"6":{"loc":{"start":{"line":107,"column":4},"end":{"line":107,"column":null}},"type":"if","locations":[{"start":{"line":107,"column":4},"end":{"line":107,"column":null}},{"start":{},"end":{}}],"line":107},"7":{"loc":{"start":{"line":124,"column":2},"end":{"line":128,"column":null}},"type":"if","locations":[{"start":{"line":124,"column":2},"end":{"line":128,"column":null}},{"start":{},"end":{}}],"line":124}},"s":{"0":3,"1":3,"2":3,"3":15,"4":3,"5":12,"6":9,"7":1,"8":8,"9":8,"10":15,"11":15,"12":7,"13":7,"14":7,"15":2,"16":4,"17":2,"18":2,"19":14,"20":14,"21":33,"22":33,"23":2,"24":33,"25":3,"26":30,"27":30,"28":0,"29":0,"30":0,"31":0,"32":0},"f":{"0":15,"1":9,"2":15,"3":7,"4":4,"5":14,"6":33,"7":0,"8":0},"b":{"0":[15],"1":[3,12],"2":[1,8],"3":[2,2],"4":[4,3],"5":[33,27],"6":[3,30],"7":[0,0]},"meta":{"lastBranch":8,"lastFunction":9,"lastStatement":33,"seen":{"s:9:32:9:Infinity":0,"s:12:31:12:Infinity":1,"s:15:31:15:Infinity":2,"f:27:16:27:30":0,"b:27:57:27:83":0,"b:28:2:28:Infinity:undefined:undefined:undefined:undefined":1,"s:28:2:28:Infinity":3,"s:28:33:28:Infinity":4,"s:29:2:34:Infinity":5,"f:44:16:44:29":1,"b:45:2:45:Infinity:undefined:undefined:undefined:undefined":2,"s:45:2:45:Infinity":6,"s:45:32:45:Infinity":7,"s:46:18:46:54":8,"s:48:2:48:Infinity":9,"f:58:16:58:35":2,"s:59:18:59:46":10,"s:61:2:61:Infinity":11,"f:70:16:70:26":3,"s:71:2:75:Infinity":12,"s:72:19:72:30":13,"s:73:4:73:Infinity":14,"s:75:4:75:Infinity":15,"f:86:16:86:26":4,"b:87:2:87:Infinity:undefined:undefined:undefined:undefined":3,"s:87:2:87:Infinity":16,"b:87:6:87:16:87:16:87:34":4,"s:87:34:87:Infinity":17,"s:88:2:88:Infinity":18,"f:99:16:99:34":5,"s:100:26:100:27":19,"s:101:2:109:Infinity":20,"f:101:2:101:24":6,"s:102:16:102:25":21,"s:104:4:105:Infinity":22,"b:104:11:104:31:104:31:104:58":5,"s:105:6:105:Infinity":23,"b:107:4:107:Infinity:undefined:undefined:undefined:undefined":6,"s:107:4:107:Infinity":24,"s:107:34:107:Infinity":25,"s:108:4:108:Infinity":26,"s:109:4:109:Infinity":27,"f:117:16:117:44":7,"s:118:23:119:Infinity":28,"s:121:22:122:Infinity":29,"f:121:35:121:Infinity":8,"s:122:13:122:Infinity":30,"b:124:2:128:Infinity:undefined:undefined:undefined:undefined":7,"s:124:2:128:Infinity":31,"s:125:4:128:Infinity":32}}}
}
